2010.12.04 18:01 B E:\Bo\Eigene Webs\Kraska\sms\01.htm --> www.kraska.at /www/home/sms 01.htm
2010.12.04 18:01 B E:\Bo\Eigene Webs\Kraska\sms\01.jpg --> www.kraska.at /www/home/sms 01.jpg
2010.12.04 18:01 B E:\Bo\Eigene Webs\Kraska\sms\01k.jpg --> www.kraska.at /www/home/sms 01k.jpg
2010.12.04 18:01 B E:\Bo\Eigene Webs\Kraska\sms\01m.jpg --> www.kraska.at /www/home/sms 01m.jpg
2010.12.04 18:01 B E:\Bo\Eigene Webs\Kraska\sms\01n.jpg --> www.kraska.at /www/home/sms 01n.jpg
2010.12.04 18:01 B E:\Bo\Eigene Webs\Kraska\sms\02.htm --> www.kraska.at /www/home/sms 02.htm
2010.12.04 18:01 B E:\Bo\Eigene Webs\Kraska\sms\02.jpg --> www.kraska.at /www/home/sms 02.jpg
2010.12.04 18:01 B E:\Bo\Eigene Webs\Kraska\sms\02k.jpg --> www.kraska.at /www/home/sms 02k.jpg
2010.12.04 18:01 B E:\Bo\Eigene Webs\Kraska\sms\03.htm --> www.kraska.at /www/home/sms 03.htm
2010.12.04 18:01 B E:\Bo\Eigene Webs\Kraska\sms\04.htm --> www.kraska.at /www/home/sms 04.htm
2010.12.04 18:01 B E:\Bo\Eigene Webs\Kraska\sms\04.jpg --> www.kraska.at /www/home/sms 04.jpg
2010.12.04 18:01 B E:\Bo\Eigene Webs\Kraska\sms\04k.jpg --> www.kraska.at /www/home/sms 04k.jpg
2010.12.04 18:01 B E:\Bo\Eigene Webs\Kraska\sms\05.htm --> www.kraska.at /www/home/sms 05.htm
2010.12.04 18:01 B E:\Bo\Eigene Webs\Kraska\sms\05.jpg --> www.kraska.at /www/home/sms 05.jpg
2010.12.04 18:01 B E:\Bo\Eigene Webs\Kraska\sms\05k.jpg --> www.kraska.at /www/home/sms 05k.jpg
2010.12.04 18:01 B E:\Bo\Eigene Webs\Kraska\sms\06.htm --> www.kraska.at /www/home/sms 06.htm
2010.12.04 18:01 B E:\Bo\Eigene Webs\Kraska\sms\06.jpg --> www.kraska.at /www/home/sms 06.jpg
2010.12.04 18:01 B E:\Bo\Eigene Webs\Kraska\sms\06k.jpg --> www.kraska.at /www/home/sms 06k.jpg
2010.12.04 18:01 B E:\Bo\Eigene Webs\Kraska\sms\07.htm --> www.kraska.at /www/home/sms 07.htm
2010.12.04 18:01 B E:\Bo\Eigene Webs\Kraska\sms\07.jpg --> www.kraska.at /www/home/sms 07.jpg
2010.12.04 18:01 B E:\Bo\Eigene Webs\Kraska\sms\07k.jpg --> www.kraska.at /www/home/sms 07k.jpg
2010.12.04 18:01 B E:\Bo\Eigene Webs\Kraska\sms\08.htm --> www.kraska.at /www/home/sms 08.htm
2010.12.04 18:01 B E:\Bo\Eigene Webs\Kraska\sms\09.htm --> www.kraska.at /www/home/sms 09.htm
2010.12.04 18:01 B E:\Bo\Eigene Webs\Kraska\sms\10.htm --> www.kraska.at /www/home/sms 10.htm
2010.12.04 18:01 B E:\Bo\Eigene Webs\Kraska\sms\11.htm --> www.kraska.at /www/home/sms 11.htm
2010.12.04 18:01 B E:\Bo\Eigene Webs\Kraska\sms\12.htm --> www.kraska.at /www/home/sms 12.htm
2010.12.04 18:01 B E:\Bo\Eigene Webs\Kraska\sms\pro_li.htm --> www.kraska.at /www/home/sms pro_li.htm
2010.12.04 18:01 B E:\Bo\Eigene Webs\Kraska\sms\pro_ob.htm --> www.kraska.at /www/home/sms pro_ob.htm
2010.12.04 18:01 B E:\Bo\Eigene Webs\Kraska\sms\pro_re.htm --> www.kraska.at /www/home/sms pro_re.htm
2010.12.04 18:08 B E:\Bo\Eigene Webs\Kraska\sms\01.htm --> www.kraska.at /www/home/sms 01.htm
2010.12.04 18:08 B E:\Bo\Eigene Webs\Kraska\sms\01.jpg --> www.kraska.at /www/home/sms 01.jpg
2010.12.04 18:08 B E:\Bo\Eigene Webs\Kraska\sms\01k.jpg --> www.kraska.at /www/home/sms 01k.jpg
2010.12.04 18:08 B E:\Bo\Eigene Webs\Kraska\sms\01m.jpg --> www.kraska.at /www/home/sms 01m.jpg
2010.12.04 18:08 B E:\Bo\Eigene Webs\Kraska\sms\01n.jpg --> www.kraska.at /www/home/sms 01n.jpg
2010.12.04 18:08 B E:\Bo\Eigene Webs\Kraska\sms\02.htm --> www.kraska.at /www/home/sms 02.htm
2010.12.04 18:08 B E:\Bo\Eigene Webs\Kraska\sms\02.jpg --> www.kraska.at /www/home/sms 02.jpg
2010.12.04 18:08 B E:\Bo\Eigene Webs\Kraska\sms\02k.jpg --> www.kraska.at /www/home/sms 02k.jpg
2010.12.04 18:08 B E:\Bo\Eigene Webs\Kraska\sms\03.htm --> www.kraska.at /www/home/sms 03.htm
2010.12.04 18:08 B E:\Bo\Eigene Webs\Kraska\sms\03.jpg --> www.kraska.at /www/home/sms 03.jpg
2010.12.04 18:08 B E:\Bo\Eigene Webs\Kraska\sms\03k.jpg --> www.kraska.at /www/home/sms 03k.jpg
2010.12.04 18:08 B E:\Bo\Eigene Webs\Kraska\sms\04.htm --> www.kraska.at /www/home/sms 04.htm
2010.12.04 18:08 B E:\Bo\Eigene Webs\Kraska\sms\04.jpg --> www.kraska.at /www/home/sms 04.jpg
2010.12.04 18:08 B E:\Bo\Eigene Webs\Kraska\sms\04k.jpg --> www.kraska.at /www/home/sms 04k.jpg
2010.12.04 18:08 B E:\Bo\Eigene Webs\Kraska\sms\05.htm --> www.kraska.at /www/home/sms 05.htm
2010.12.04 18:08 B E:\Bo\Eigene Webs\Kraska\sms\05.jpg --> www.kraska.at /www/home/sms 05.jpg
2010.12.04 18:08 B E:\Bo\Eigene Webs\Kraska\sms\05k.jpg --> www.kraska.at /www/home/sms 05k.jpg
2010.12.04 18:08 B E:\Bo\Eigene Webs\Kraska\sms\06.htm --> www.kraska.at /www/home/sms 06.htm
2010.12.04 18:08 B E:\Bo\Eigene Webs\Kraska\sms\06.jpg --> www.kraska.at /www/home/sms 06.jpg
2010.12.04 18:08 B E:\Bo\Eigene Webs\Kraska\sms\06k.jpg --> www.kraska.at /www/home/sms 06k.jpg
2010.12.04 18:08 B E:\Bo\Eigene Webs\Kraska\sms\07.htm --> www.kraska.at /www/home/sms 07.htm
2010.12.04 18:08 B E:\Bo\Eigene Webs\Kraska\sms\07.jpg --> www.kraska.at /www/home/sms 07.jpg
2010.12.04 18:08 B E:\Bo\Eigene Webs\Kraska\sms\07k.jpg --> www.kraska.at /www/home/sms 07k.jpg
2010.12.04 18:08 B E:\Bo\Eigene Webs\Kraska\sms\08.htm --> www.kraska.at /www/home/sms 08.htm
2010.12.04 18:08 B E:\Bo\Eigene Webs\Kraska\sms\09.htm --> www.kraska.at /www/home/sms 09.htm
2010.12.04 18:08 B E:\Bo\Eigene Webs\Kraska\sms\10.htm --> www.kraska.at /www/home/sms 10.htm
2010.12.04 18:08 B E:\Bo\Eigene Webs\Kraska\sms\11.htm --> www.kraska.at /www/home/sms 11.htm
2010.12.04 18:08 B E:\Bo\Eigene Webs\Kraska\sms\12.htm --> www.kraska.at /www/home/sms 12.htm
2010.12.04 18:08 B E:\Bo\Eigene Webs\Kraska\sms\index.htm --> www.kraska.at /www/home/sms index.htm
2010.12.04 18:08 B E:\Bo\Eigene Webs\Kraska\sms\pro_li.htm --> www.kraska.at /www/home/sms pro_li.htm
2010.12.04 18:08 B E:\Bo\Eigene Webs\Kraska\sms\pro_ob.htm --> www.kraska.at /www/home/sms pro_ob.htm
2010.12.04 18:08 B E:\Bo\Eigene Webs\Kraska\sms\pro_re.htm --> www.kraska.at /www/home/sms pro_re.htm
2010.12.11 13:20 B E:\Bo\Eigene Webs\Kraska\sms\03k.jpg --> www.kraska.at /www/home/sms 03k.jpg
2010.12.11 13:20 B E:\Bo\Eigene Webs\Kraska\sms\03.jpg --> www.kraska.at /www/home/sms 03.jpg
2010.12.11 13:26 B E:\Bo\Eigene Webs\Kraska\sms\01.htm --> www.kraska.at /www/home/sms 01.htm
2010.12.11 13:26 B E:\Bo\Eigene Webs\Kraska\sms\01.jpg --> www.kraska.at /www/home/sms 01.jpg
2010.12.11 13:26 B E:\Bo\Eigene Webs\Kraska\sms\01k.jpg --> www.kraska.at /www/home/sms 01k.jpg
2010.12.11 13:26 B E:\Bo\Eigene Webs\Kraska\sms\01m.jpg --> www.kraska.at /www/home/sms 01m.jpg
2010.12.11 13:26 B E:\Bo\Eigene Webs\Kraska\sms\01n.jpg --> www.kraska.at /www/home/sms 01n.jpg
2010.12.11 13:26 B E:\Bo\Eigene Webs\Kraska\sms\02.htm --> www.kraska.at /www/home/sms 02.htm
2010.12.11 13:26 B E:\Bo\Eigene Webs\Kraska\sms\02.jpg --> www.kraska.at /www/home/sms 02.jpg
2010.12.11 13:27 B E:\Bo\Eigene Webs\Kraska\sms\02k.jpg --> www.kraska.at /www/home/sms 02k.jpg
2010.12.11 13:27 B E:\Bo\Eigene Webs\Kraska\sms\03.htm --> www.kraska.at /www/home/sms 03.htm
2010.12.11 13:27 B E:\Bo\Eigene Webs\Kraska\sms\03.jpg --> www.kraska.at /www/home/sms 03.jpg
2010.12.11 13:27 B E:\Bo\Eigene Webs\Kraska\sms\03k.jpg --> www.kraska.at /www/home/sms 03k.jpg
2010.12.11 13:27 B E:\Bo\Eigene Webs\Kraska\sms\04.htm --> www.kraska.at /www/home/sms 04.htm
2010.12.11 13:27 B E:\Bo\Eigene Webs\Kraska\sms\04.jpg --> www.kraska.at /www/home/sms 04.jpg
2010.12.11 13:27 B E:\Bo\Eigene Webs\Kraska\sms\04k.jpg --> www.kraska.at /www/home/sms 04k.jpg
2010.12.11 13:27 B E:\Bo\Eigene Webs\Kraska\sms\05.htm --> www.kraska.at /www/home/sms 05.htm
2010.12.11 13:27 B E:\Bo\Eigene Webs\Kraska\sms\05.jpg --> www.kraska.at /www/home/sms 05.jpg
2010.12.11 13:27 B E:\Bo\Eigene Webs\Kraska\sms\05k.jpg --> www.kraska.at /www/home/sms 05k.jpg
2010.12.11 13:27 B E:\Bo\Eigene Webs\Kraska\sms\06.htm --> www.kraska.at /www/home/sms 06.htm
2010.12.11 13:27 B E:\Bo\Eigene Webs\Kraska\sms\06.jpg --> www.kraska.at /www/home/sms 06.jpg
2010.12.11 13:27 B E:\Bo\Eigene Webs\Kraska\sms\06k.jpg --> www.kraska.at /www/home/sms 06k.jpg
2010.12.11 13:27 B E:\Bo\Eigene Webs\Kraska\sms\07.htm --> www.kraska.at /www/home/sms 07.htm
2010.12.11 13:27 B E:\Bo\Eigene Webs\Kraska\sms\07.jpg --> www.kraska.at /www/home/sms 07.jpg
2010.12.11 13:27 B E:\Bo\Eigene Webs\Kraska\sms\07k.jpg --> www.kraska.at /www/home/sms 07k.jpg
2010.12.11 13:27 B E:\Bo\Eigene Webs\Kraska\sms\08.htm --> www.kraska.at /www/home/sms 08.htm
2010.12.11 13:27 B E:\Bo\Eigene Webs\Kraska\sms\09.htm --> www.kraska.at /www/home/sms 09.htm
2010.12.11 13:27 B E:\Bo\Eigene Webs\Kraska\sms\10.htm --> www.kraska.at /www/home/sms 10.htm
2010.12.11 13:27 B E:\Bo\Eigene Webs\Kraska\sms\11.htm --> www.kraska.at /www/home/sms 11.htm
2010.12.11 13:27 B E:\Bo\Eigene Webs\Kraska\sms\12.htm --> www.kraska.at /www/home/sms 12.htm
2010.12.11 13:27 B E:\Bo\Eigene Webs\Kraska\sms\index.htm --> www.kraska.at /www/home/sms index.htm
2010.12.11 13:27 B E:\Bo\Eigene Webs\Kraska\sms\pro_li.htm --> www.kraska.at /www/home/sms pro_li.htm
2010.12.11 13:27 B E:\Bo\Eigene Webs\Kraska\sms\pro_ob.htm --> www.kraska.at /www/home/sms pro_ob.htm
2010.12.11 13:27 B E:\Bo\Eigene Webs\Kraska\sms\pro_re.htm --> www.kraska.at /www/home/sms pro_re.htm
2010.12.22 16:39 B E:\Bo\Eigene Webs\Kraska\sms\pro_ob.htm --> www.kraska.at /www/home/sms pro_ob.htm
2013.08.13 22:10 B E:\Bo\Eigene Webs\Kraska\sms\03.jpg --> www.kraska.at /www/home/sms 03.jpg
2013.08.13 22:10 B E:\Bo\Eigene Webs\Kraska\sms\03k.jpg --> www.kraska.at /www/home/sms 03k.jpg
2013.08.13 22:10 B E:\Bo\Eigene Webs\Kraska\sms\WS_FTP.LOG --> www.kraska.at /www/home/sms WS_FTP.LOG
