2010.12.04 18:01 B E:\Bo\Eigene Webs\Kraska\rot\01.htm --> www.kraska.at /www/home/rot 01.htm
2010.12.04 18:01 B E:\Bo\Eigene Webs\Kraska\rot\01.jpg --> www.kraska.at /www/home/rot 01.jpg
2010.12.04 18:01 B E:\Bo\Eigene Webs\Kraska\rot\01k.jpg --> www.kraska.at /www/home/rot 01k.jpg
2010.12.04 18:01 B E:\Bo\Eigene Webs\Kraska\rot\01m.jpg --> www.kraska.at /www/home/rot 01m.jpg
2010.12.04 18:01 B E:\Bo\Eigene Webs\Kraska\rot\01n.jpg --> www.kraska.at /www/home/rot 01n.jpg
2010.12.04 18:01 B E:\Bo\Eigene Webs\Kraska\rot\02.htm --> www.kraska.at /www/home/rot 02.htm
2010.12.04 18:01 B E:\Bo\Eigene Webs\Kraska\rot\02.jpg --> www.kraska.at /www/home/rot 02.jpg
2010.12.04 18:01 B E:\Bo\Eigene Webs\Kraska\rot\02k.jpg --> www.kraska.at /www/home/rot 02k.jpg
2010.12.04 18:01 B E:\Bo\Eigene Webs\Kraska\rot\03.htm --> www.kraska.at /www/home/rot 03.htm
2010.12.04 18:01 B E:\Bo\Eigene Webs\Kraska\rot\03.jpg --> www.kraska.at /www/home/rot 03.jpg
2010.12.04 18:01 B E:\Bo\Eigene Webs\Kraska\rot\03k.jpg --> www.kraska.at /www/home/rot 03k.jpg
2010.12.04 18:01 B E:\Bo\Eigene Webs\Kraska\rot\04.htm --> www.kraska.at /www/home/rot 04.htm
2010.12.04 18:01 B E:\Bo\Eigene Webs\Kraska\rot\04.jpg --> www.kraska.at /www/home/rot 04.jpg
2010.12.04 18:01 B E:\Bo\Eigene Webs\Kraska\rot\04k.jpg --> www.kraska.at /www/home/rot 04k.jpg
2010.12.04 18:01 B E:\Bo\Eigene Webs\Kraska\rot\05.htm --> www.kraska.at /www/home/rot 05.htm
2010.12.04 18:01 B E:\Bo\Eigene Webs\Kraska\rot\06.htm --> www.kraska.at /www/home/rot 06.htm
2010.12.04 18:01 B E:\Bo\Eigene Webs\Kraska\rot\07.htm --> www.kraska.at /www/home/rot 07.htm
2010.12.04 18:01 B E:\Bo\Eigene Webs\Kraska\rot\08.htm --> www.kraska.at /www/home/rot 08.htm
2010.12.04 18:01 B E:\Bo\Eigene Webs\Kraska\rot\09.htm --> www.kraska.at /www/home/rot 09.htm
2010.12.04 18:01 B E:\Bo\Eigene Webs\Kraska\rot\10.htm --> www.kraska.at /www/home/rot 10.htm
2010.12.04 18:01 B E:\Bo\Eigene Webs\Kraska\rot\11.htm --> www.kraska.at /www/home/rot 11.htm
2010.12.04 18:01 B E:\Bo\Eigene Webs\Kraska\rot\12.htm --> www.kraska.at /www/home/rot 12.htm
2010.12.04 18:01 B E:\Bo\Eigene Webs\Kraska\rot\13.htm --> www.kraska.at /www/home/rot 13.htm
2010.12.04 18:01 B E:\Bo\Eigene Webs\Kraska\rot\14.htm --> www.kraska.at /www/home/rot 14.htm
2010.12.04 18:01 B E:\Bo\Eigene Webs\Kraska\rot\15.htm --> www.kraska.at /www/home/rot 15.htm
2010.12.04 18:01 B E:\Bo\Eigene Webs\Kraska\rot\16.htm --> www.kraska.at /www/home/rot 16.htm
2010.12.04 18:01 B E:\Bo\Eigene Webs\Kraska\rot\17.htm --> www.kraska.at /www/home/rot 17.htm
2010.12.04 18:01 B E:\Bo\Eigene Webs\Kraska\rot\index.htm --> www.kraska.at /www/home/rot index.htm
2010.12.04 18:01 B E:\Bo\Eigene Webs\Kraska\rot\pro_li.htm --> www.kraska.at /www/home/rot pro_li.htm
2010.12.04 18:01 B E:\Bo\Eigene Webs\Kraska\rot\pro_ob.htm --> www.kraska.at /www/home/rot pro_ob.htm
2010.12.04 18:01 B E:\Bo\Eigene Webs\Kraska\rot\pro_re.htm --> www.kraska.at /www/home/rot pro_re.htm
2010.12.04 18:07 B E:\Bo\Eigene Webs\Kraska\rot\01.htm --> www.kraska.at /www/home/rot 01.htm
2010.12.04 18:07 B E:\Bo\Eigene Webs\Kraska\rot\01.jpg --> www.kraska.at /www/home/rot 01.jpg
2010.12.04 18:07 B E:\Bo\Eigene Webs\Kraska\rot\01k.jpg --> www.kraska.at /www/home/rot 01k.jpg
2010.12.04 18:07 B E:\Bo\Eigene Webs\Kraska\rot\01m.jpg --> www.kraska.at /www/home/rot 01m.jpg
2010.12.04 18:07 B E:\Bo\Eigene Webs\Kraska\rot\01n.jpg --> www.kraska.at /www/home/rot 01n.jpg
2010.12.04 18:07 B E:\Bo\Eigene Webs\Kraska\rot\02.htm --> www.kraska.at /www/home/rot 02.htm
2010.12.04 18:07 B E:\Bo\Eigene Webs\Kraska\rot\02.jpg --> www.kraska.at /www/home/rot 02.jpg
2010.12.04 18:07 B E:\Bo\Eigene Webs\Kraska\rot\02k.jpg --> www.kraska.at /www/home/rot 02k.jpg
2010.12.04 18:07 B E:\Bo\Eigene Webs\Kraska\rot\03.htm --> www.kraska.at /www/home/rot 03.htm
2010.12.04 18:07 B E:\Bo\Eigene Webs\Kraska\rot\03.jpg --> www.kraska.at /www/home/rot 03.jpg
2010.12.04 18:07 B E:\Bo\Eigene Webs\Kraska\rot\03k.jpg --> www.kraska.at /www/home/rot 03k.jpg
2010.12.04 18:07 B E:\Bo\Eigene Webs\Kraska\rot\04.htm --> www.kraska.at /www/home/rot 04.htm
2010.12.04 18:07 B E:\Bo\Eigene Webs\Kraska\rot\04.jpg --> www.kraska.at /www/home/rot 04.jpg
2010.12.04 18:07 B E:\Bo\Eigene Webs\Kraska\rot\04k.jpg --> www.kraska.at /www/home/rot 04k.jpg
2010.12.04 18:07 B E:\Bo\Eigene Webs\Kraska\rot\05.htm --> www.kraska.at /www/home/rot 05.htm
2010.12.04 18:07 B E:\Bo\Eigene Webs\Kraska\rot\06.htm --> www.kraska.at /www/home/rot 06.htm
2010.12.04 18:07 B E:\Bo\Eigene Webs\Kraska\rot\07.htm --> www.kraska.at /www/home/rot 07.htm
2010.12.04 18:07 B E:\Bo\Eigene Webs\Kraska\rot\08.htm --> www.kraska.at /www/home/rot 08.htm
2010.12.04 18:07 B E:\Bo\Eigene Webs\Kraska\rot\09.htm --> www.kraska.at /www/home/rot 09.htm
2010.12.04 18:07 B E:\Bo\Eigene Webs\Kraska\rot\10.htm --> www.kraska.at /www/home/rot 10.htm
2010.12.04 18:07 B E:\Bo\Eigene Webs\Kraska\rot\11.htm --> www.kraska.at /www/home/rot 11.htm
2010.12.04 18:07 B E:\Bo\Eigene Webs\Kraska\rot\12.htm --> www.kraska.at /www/home/rot 12.htm
2010.12.04 18:07 B E:\Bo\Eigene Webs\Kraska\rot\13.htm --> www.kraska.at /www/home/rot 13.htm
2010.12.04 18:07 B E:\Bo\Eigene Webs\Kraska\rot\14.htm --> www.kraska.at /www/home/rot 14.htm
2010.12.04 18:07 B E:\Bo\Eigene Webs\Kraska\rot\15.htm --> www.kraska.at /www/home/rot 15.htm
2010.12.04 18:07 B E:\Bo\Eigene Webs\Kraska\rot\16.htm --> www.kraska.at /www/home/rot 16.htm
2010.12.04 18:07 B E:\Bo\Eigene Webs\Kraska\rot\17.htm --> www.kraska.at /www/home/rot 17.htm
2010.12.04 18:07 B E:\Bo\Eigene Webs\Kraska\rot\index.htm --> www.kraska.at /www/home/rot index.htm
2010.12.04 18:07 B E:\Bo\Eigene Webs\Kraska\rot\pro_li.htm --> www.kraska.at /www/home/rot pro_li.htm
2010.12.04 18:07 B E:\Bo\Eigene Webs\Kraska\rot\pro_ob.htm --> www.kraska.at /www/home/rot pro_ob.htm
2010.12.04 18:07 B E:\Bo\Eigene Webs\Kraska\rot\pro_re.htm --> www.kraska.at /www/home/rot pro_re.htm
2013.08.13 22:10 B E:\Bo\Eigene Webs\Kraska\rot\01.jpg --> www.kraska.at /www/home/rot 01.jpg
2013.08.13 22:10 B E:\Bo\Eigene Webs\Kraska\rot\01k.jpg --> www.kraska.at /www/home/rot 01k.jpg
2013.08.13 22:10 B E:\Bo\Eigene Webs\Kraska\rot\01m.jpg --> www.kraska.at /www/home/rot 01m.jpg
2013.08.13 22:10 B E:\Bo\Eigene Webs\Kraska\rot\01n.jpg --> www.kraska.at /www/home/rot 01n.jpg
2013.08.13 22:10 B E:\Bo\Eigene Webs\Kraska\rot\02.jpg --> www.kraska.at /www/home/rot 02.jpg
2013.08.13 22:10 B E:\Bo\Eigene Webs\Kraska\rot\02k.jpg --> www.kraska.at /www/home/rot 02k.jpg
2013.08.13 22:10 B E:\Bo\Eigene Webs\Kraska\rot\03.jpg --> www.kraska.at /www/home/rot 03.jpg
2013.08.13 22:10 B E:\Bo\Eigene Webs\Kraska\rot\03k.jpg --> www.kraska.at /www/home/rot 03k.jpg
2013.08.13 22:10 B E:\Bo\Eigene Webs\Kraska\rot\04.jpg --> www.kraska.at /www/home/rot 04.jpg
2013.08.13 22:10 B E:\Bo\Eigene Webs\Kraska\rot\04k.jpg --> www.kraska.at /www/home/rot 04k.jpg
2013.08.13 22:10 B E:\Bo\Eigene Webs\Kraska\rot\WS_FTP.LOG --> www.kraska.at /www/home/rot WS_FTP.LOG
