2010.12.04 17:58 B E:\Bo\Eigene Webs\Kraska\emo\01.htm --> www.kraska.at /www/home/emo 01.htm
2010.12.04 17:58 B E:\Bo\Eigene Webs\Kraska\emo\01.jpg --> www.kraska.at /www/home/emo 01.jpg
2010.12.04 17:58 B E:\Bo\Eigene Webs\Kraska\emo\01k.jpg --> www.kraska.at /www/home/emo 01k.jpg
2010.12.04 17:58 B E:\Bo\Eigene Webs\Kraska\emo\01m.jpg --> www.kraska.at /www/home/emo 01m.jpg
2010.12.04 17:58 B E:\Bo\Eigene Webs\Kraska\emo\01n.jpg --> www.kraska.at /www/home/emo 01n.jpg
2010.12.04 17:58 B E:\Bo\Eigene Webs\Kraska\emo\02.htm --> www.kraska.at /www/home/emo 02.htm
2010.12.04 17:58 B E:\Bo\Eigene Webs\Kraska\emo\02.jpg --> www.kraska.at /www/home/emo 02.jpg
2010.12.04 17:58 B E:\Bo\Eigene Webs\Kraska\emo\02k.jpg --> www.kraska.at /www/home/emo 02k.jpg
2010.12.04 17:58 B E:\Bo\Eigene Webs\Kraska\emo\03.htm --> www.kraska.at /www/home/emo 03.htm
2010.12.04 17:58 B E:\Bo\Eigene Webs\Kraska\emo\03.jpg --> www.kraska.at /www/home/emo 03.jpg
2010.12.04 17:58 B E:\Bo\Eigene Webs\Kraska\emo\03k.jpg --> www.kraska.at /www/home/emo 03k.jpg
2010.12.04 17:58 B E:\Bo\Eigene Webs\Kraska\emo\04.htm --> www.kraska.at /www/home/emo 04.htm
2010.12.04 17:58 B E:\Bo\Eigene Webs\Kraska\emo\05.htm --> www.kraska.at /www/home/emo 05.htm
2010.12.04 17:58 B E:\Bo\Eigene Webs\Kraska\emo\05.jpg --> www.kraska.at /www/home/emo 05.jpg
2010.12.04 17:58 B E:\Bo\Eigene Webs\Kraska\emo\05k.jpg --> www.kraska.at /www/home/emo 05k.jpg
2010.12.04 17:58 B E:\Bo\Eigene Webs\Kraska\emo\06.htm --> www.kraska.at /www/home/emo 06.htm
2010.12.04 17:58 B E:\Bo\Eigene Webs\Kraska\emo\06.jpg --> www.kraska.at /www/home/emo 06.jpg
2010.12.04 17:58 B E:\Bo\Eigene Webs\Kraska\emo\06k.jpg --> www.kraska.at /www/home/emo 06k.jpg
2010.12.04 17:58 B E:\Bo\Eigene Webs\Kraska\emo\07.htm --> www.kraska.at /www/home/emo 07.htm
2010.12.04 17:58 B E:\Bo\Eigene Webs\Kraska\emo\07.jpg --> www.kraska.at /www/home/emo 07.jpg
2010.12.04 17:58 B E:\Bo\Eigene Webs\Kraska\emo\07k.jpg --> www.kraska.at /www/home/emo 07k.jpg
2010.12.04 17:58 B E:\Bo\Eigene Webs\Kraska\emo\08.htm --> www.kraska.at /www/home/emo 08.htm
2010.12.04 17:58 B E:\Bo\Eigene Webs\Kraska\emo\08.jpg --> www.kraska.at /www/home/emo 08.jpg
2010.12.04 17:58 B E:\Bo\Eigene Webs\Kraska\emo\08k.jpg --> www.kraska.at /www/home/emo 08k.jpg
2010.12.04 17:58 B E:\Bo\Eigene Webs\Kraska\emo\09.htm --> www.kraska.at /www/home/emo 09.htm
2010.12.04 17:58 B E:\Bo\Eigene Webs\Kraska\emo\09.jpg --> www.kraska.at /www/home/emo 09.jpg
2010.12.04 17:58 B E:\Bo\Eigene Webs\Kraska\emo\09k.jpg --> www.kraska.at /www/home/emo 09k.jpg
2010.12.04 17:58 B E:\Bo\Eigene Webs\Kraska\emo\10.htm --> www.kraska.at /www/home/emo 10.htm
2010.12.04 17:58 B E:\Bo\Eigene Webs\Kraska\emo\10.jpg --> www.kraska.at /www/home/emo 10.jpg
2010.12.04 17:58 B E:\Bo\Eigene Webs\Kraska\emo\10k.jpg --> www.kraska.at /www/home/emo 10k.jpg
2010.12.04 17:58 B E:\Bo\Eigene Webs\Kraska\emo\11.htm --> www.kraska.at /www/home/emo 11.htm
2010.12.04 17:58 B E:\Bo\Eigene Webs\Kraska\emo\12.htm --> www.kraska.at /www/home/emo 12.htm
2010.12.04 17:58 B E:\Bo\Eigene Webs\Kraska\emo\index.htm --> www.kraska.at /www/home/emo index.htm
2010.12.04 17:58 B E:\Bo\Eigene Webs\Kraska\emo\pro_li.htm --> www.kraska.at /www/home/emo pro_li.htm
2010.12.04 17:58 B E:\Bo\Eigene Webs\Kraska\emo\pro_ob.htm --> www.kraska.at /www/home/emo pro_ob.htm
2010.12.04 17:58 B E:\Bo\Eigene Webs\Kraska\emo\pro_re.htm --> www.kraska.at /www/home/emo pro_re.htm
2010.12.04 17:58 B E:\Bo\Eigene Webs\Kraska\emo\startbild.jpg --> www.kraska.at /www/home/emo startbild.jpg
2010.12.04 17:58 B E:\Bo\Eigene Webs\Kraska\emo\Thumbs.db --> www.kraska.at /www/home/emo Thumbs.db
2010.12.04 18:00 B E:\Bo\Eigene Webs\Kraska\emo\WS_FTP.LOG --> www.kraska.at /www/home/emo WS_FTP.LOG
2010.12.04 18:04 B E:\Bo\Eigene Webs\Kraska\emo\01.htm --> www.kraska.at /www/home/emo 01.htm
2010.12.04 18:04 B E:\Bo\Eigene Webs\Kraska\emo\01.jpg --> www.kraska.at /www/home/emo 01.jpg
2010.12.04 18:04 B E:\Bo\Eigene Webs\Kraska\emo\01k.jpg --> www.kraska.at /www/home/emo 01k.jpg
2010.12.04 18:04 B E:\Bo\Eigene Webs\Kraska\emo\01m.jpg --> www.kraska.at /www/home/emo 01m.jpg
2010.12.04 18:04 B E:\Bo\Eigene Webs\Kraska\emo\01n.jpg --> www.kraska.at /www/home/emo 01n.jpg
2010.12.04 18:04 B E:\Bo\Eigene Webs\Kraska\emo\02.htm --> www.kraska.at /www/home/emo 02.htm
2010.12.04 18:04 B E:\Bo\Eigene Webs\Kraska\emo\02.jpg --> www.kraska.at /www/home/emo 02.jpg
2010.12.04 18:04 B E:\Bo\Eigene Webs\Kraska\emo\02k.jpg --> www.kraska.at /www/home/emo 02k.jpg
2010.12.04 18:04 B E:\Bo\Eigene Webs\Kraska\emo\03.htm --> www.kraska.at /www/home/emo 03.htm
2010.12.04 18:04 B E:\Bo\Eigene Webs\Kraska\emo\03.jpg --> www.kraska.at /www/home/emo 03.jpg
2010.12.04 18:04 B E:\Bo\Eigene Webs\Kraska\emo\03k.jpg --> www.kraska.at /www/home/emo 03k.jpg
2010.12.04 18:04 B E:\Bo\Eigene Webs\Kraska\emo\04.htm --> www.kraska.at /www/home/emo 04.htm
2010.12.04 18:04 B E:\Bo\Eigene Webs\Kraska\emo\05.htm --> www.kraska.at /www/home/emo 05.htm
2010.12.04 18:04 B E:\Bo\Eigene Webs\Kraska\emo\05.jpg --> www.kraska.at /www/home/emo 05.jpg
2010.12.04 18:04 B E:\Bo\Eigene Webs\Kraska\emo\05k.jpg --> www.kraska.at /www/home/emo 05k.jpg
2010.12.04 18:04 B E:\Bo\Eigene Webs\Kraska\emo\06.htm --> www.kraska.at /www/home/emo 06.htm
2010.12.04 18:04 B E:\Bo\Eigene Webs\Kraska\emo\06.jpg --> www.kraska.at /www/home/emo 06.jpg
2010.12.04 18:04 B E:\Bo\Eigene Webs\Kraska\emo\06k.jpg --> www.kraska.at /www/home/emo 06k.jpg
2010.12.04 18:04 B E:\Bo\Eigene Webs\Kraska\emo\07.htm --> www.kraska.at /www/home/emo 07.htm
2010.12.04 18:04 B E:\Bo\Eigene Webs\Kraska\emo\07.jpg --> www.kraska.at /www/home/emo 07.jpg
2010.12.04 18:04 B E:\Bo\Eigene Webs\Kraska\emo\07k.jpg --> www.kraska.at /www/home/emo 07k.jpg
2010.12.04 18:04 B E:\Bo\Eigene Webs\Kraska\emo\08.htm --> www.kraska.at /www/home/emo 08.htm
2010.12.04 18:04 B E:\Bo\Eigene Webs\Kraska\emo\08.jpg --> www.kraska.at /www/home/emo 08.jpg
2010.12.04 18:04 B E:\Bo\Eigene Webs\Kraska\emo\08k.jpg --> www.kraska.at /www/home/emo 08k.jpg
2010.12.04 18:04 B E:\Bo\Eigene Webs\Kraska\emo\09.htm --> www.kraska.at /www/home/emo 09.htm
2010.12.04 18:04 B E:\Bo\Eigene Webs\Kraska\emo\09.jpg --> www.kraska.at /www/home/emo 09.jpg
2010.12.04 18:04 B E:\Bo\Eigene Webs\Kraska\emo\09k.jpg --> www.kraska.at /www/home/emo 09k.jpg
2010.12.04 18:04 B E:\Bo\Eigene Webs\Kraska\emo\10.htm --> www.kraska.at /www/home/emo 10.htm
2010.12.04 18:04 B E:\Bo\Eigene Webs\Kraska\emo\10.jpg --> www.kraska.at /www/home/emo 10.jpg
2010.12.04 18:04 B E:\Bo\Eigene Webs\Kraska\emo\10k.jpg --> www.kraska.at /www/home/emo 10k.jpg
2010.12.04 18:04 B E:\Bo\Eigene Webs\Kraska\emo\11.htm --> www.kraska.at /www/home/emo 11.htm
2010.12.04 18:04 B E:\Bo\Eigene Webs\Kraska\emo\12.htm --> www.kraska.at /www/home/emo 12.htm
2010.12.04 18:04 B E:\Bo\Eigene Webs\Kraska\emo\index.htm --> www.kraska.at /www/home/emo index.htm
2010.12.04 18:04 B E:\Bo\Eigene Webs\Kraska\emo\pro_li.htm --> www.kraska.at /www/home/emo pro_li.htm
2010.12.04 18:04 B E:\Bo\Eigene Webs\Kraska\emo\pro_ob.htm --> www.kraska.at /www/home/emo pro_ob.htm
2010.12.04 18:04 B E:\Bo\Eigene Webs\Kraska\emo\pro_re.htm --> www.kraska.at /www/home/emo pro_re.htm
2010.12.04 18:04 B E:\Bo\Eigene Webs\Kraska\emo\startbild.jpg --> www.kraska.at /www/home/emo startbild.jpg
2010.12.11 13:14 B E:\Bo\Eigene Webs\Kraska\emo\04.jpg --> www.kraska.at /www/home/emo 04.jpg
2010.12.11 13:14 B E:\Bo\Eigene Webs\Kraska\emo\04k.jpg --> www.kraska.at /www/home/emo 04k.jpg
2010.12.11 13:14 B E:\Bo\Eigene Webs\Kraska\emo\05.jpg --> www.kraska.at /www/home/emo 05.jpg
2010.12.11 13:14 B E:\Bo\Eigene Webs\Kraska\emo\05k.jpg --> www.kraska.at /www/home/emo 05k.jpg
2010.12.11 13:14 B E:\Bo\Eigene Webs\Kraska\emo\pro_re.htm --> www.kraska.at /www/home/emo pro_re.htm
2010.12.11 13:14 B E:\Bo\Eigene Webs\Kraska\emo\WS_FTP.LOG --> www.kraska.at /www/home/emo WS_FTP.LOG
2010.12.11 13:19 B E:\Bo\Eigene Webs\Kraska\emo\pro_re.htm --> www.kraska.at /www/home/emo pro_re.htm
2010.12.11 13:19 B E:\Bo\Eigene Webs\Kraska\emo\05k.jpg --> www.kraska.at /www/home/emo 05k.jpg
2010.12.11 13:19 B E:\Bo\Eigene Webs\Kraska\emo\05.jpg --> www.kraska.at /www/home/emo 05.jpg
2010.12.11 13:24 B E:\Bo\Eigene Webs\Kraska\emo\01.htm --> www.kraska.at /www/home/emo 01.htm
2010.12.11 13:24 B E:\Bo\Eigene Webs\Kraska\emo\01.jpg --> www.kraska.at /www/home/emo 01.jpg
2010.12.11 13:24 B E:\Bo\Eigene Webs\Kraska\emo\01k.jpg --> www.kraska.at /www/home/emo 01k.jpg
2010.12.11 13:24 B E:\Bo\Eigene Webs\Kraska\emo\01m.jpg --> www.kraska.at /www/home/emo 01m.jpg
2010.12.11 13:24 B E:\Bo\Eigene Webs\Kraska\emo\01n.jpg --> www.kraska.at /www/home/emo 01n.jpg
2010.12.11 13:24 B E:\Bo\Eigene Webs\Kraska\emo\02.htm --> www.kraska.at /www/home/emo 02.htm
2010.12.11 13:24 B E:\Bo\Eigene Webs\Kraska\emo\02.jpg --> www.kraska.at /www/home/emo 02.jpg
2010.12.11 13:24 B E:\Bo\Eigene Webs\Kraska\emo\02k.jpg --> www.kraska.at /www/home/emo 02k.jpg
2010.12.11 13:24 B E:\Bo\Eigene Webs\Kraska\emo\03.htm --> www.kraska.at /www/home/emo 03.htm
2010.12.11 13:24 B E:\Bo\Eigene Webs\Kraska\emo\03.jpg --> www.kraska.at /www/home/emo 03.jpg
2010.12.11 13:24 B E:\Bo\Eigene Webs\Kraska\emo\03k.jpg --> www.kraska.at /www/home/emo 03k.jpg
2010.12.11 13:24 B E:\Bo\Eigene Webs\Kraska\emo\04.htm --> www.kraska.at /www/home/emo 04.htm
2010.12.11 13:24 B E:\Bo\Eigene Webs\Kraska\emo\04.jpg --> www.kraska.at /www/home/emo 04.jpg
2010.12.11 13:24 B E:\Bo\Eigene Webs\Kraska\emo\04k.jpg --> www.kraska.at /www/home/emo 04k.jpg
2010.12.11 13:24 B E:\Bo\Eigene Webs\Kraska\emo\05.htm --> www.kraska.at /www/home/emo 05.htm
2010.12.11 13:24 B E:\Bo\Eigene Webs\Kraska\emo\05.jpg --> www.kraska.at /www/home/emo 05.jpg
2010.12.11 13:24 B E:\Bo\Eigene Webs\Kraska\emo\05k.jpg --> www.kraska.at /www/home/emo 05k.jpg
2010.12.11 13:24 B E:\Bo\Eigene Webs\Kraska\emo\06.htm --> www.kraska.at /www/home/emo 06.htm
2010.12.11 13:24 B E:\Bo\Eigene Webs\Kraska\emo\06.jpg --> www.kraska.at /www/home/emo 06.jpg
2010.12.11 13:24 B E:\Bo\Eigene Webs\Kraska\emo\06k.jpg --> www.kraska.at /www/home/emo 06k.jpg
2010.12.11 13:24 B E:\Bo\Eigene Webs\Kraska\emo\07.htm --> www.kraska.at /www/home/emo 07.htm
2010.12.11 13:24 B E:\Bo\Eigene Webs\Kraska\emo\07.jpg --> www.kraska.at /www/home/emo 07.jpg
2010.12.11 13:24 B E:\Bo\Eigene Webs\Kraska\emo\07k.jpg --> www.kraska.at /www/home/emo 07k.jpg
2010.12.11 13:24 B E:\Bo\Eigene Webs\Kraska\emo\08.htm --> www.kraska.at /www/home/emo 08.htm
2010.12.11 13:24 B E:\Bo\Eigene Webs\Kraska\emo\08.jpg --> www.kraska.at /www/home/emo 08.jpg
2010.12.11 13:24 B E:\Bo\Eigene Webs\Kraska\emo\08k.jpg --> www.kraska.at /www/home/emo 08k.jpg
2010.12.11 13:24 B E:\Bo\Eigene Webs\Kraska\emo\09.htm --> www.kraska.at /www/home/emo 09.htm
2010.12.11 13:24 B E:\Bo\Eigene Webs\Kraska\emo\09.jpg --> www.kraska.at /www/home/emo 09.jpg
2010.12.11 13:24 B E:\Bo\Eigene Webs\Kraska\emo\09k.jpg --> www.kraska.at /www/home/emo 09k.jpg
2010.12.11 13:24 B E:\Bo\Eigene Webs\Kraska\emo\10.htm --> www.kraska.at /www/home/emo 10.htm
2010.12.11 13:24 B E:\Bo\Eigene Webs\Kraska\emo\10.jpg --> www.kraska.at /www/home/emo 10.jpg
2010.12.11 13:24 B E:\Bo\Eigene Webs\Kraska\emo\10k.jpg --> www.kraska.at /www/home/emo 10k.jpg
2010.12.11 13:24 B E:\Bo\Eigene Webs\Kraska\emo\11.htm --> www.kraska.at /www/home/emo 11.htm
2010.12.11 13:24 B E:\Bo\Eigene Webs\Kraska\emo\12.htm --> www.kraska.at /www/home/emo 12.htm
2010.12.11 13:24 B E:\Bo\Eigene Webs\Kraska\emo\index.htm --> www.kraska.at /www/home/emo index.htm
2010.12.11 13:24 B E:\Bo\Eigene Webs\Kraska\emo\pro_li.htm --> www.kraska.at /www/home/emo pro_li.htm
2010.12.11 13:24 B E:\Bo\Eigene Webs\Kraska\emo\pro_ob.htm --> www.kraska.at /www/home/emo pro_ob.htm
2010.12.11 13:24 B E:\Bo\Eigene Webs\Kraska\emo\pro_re.htm --> www.kraska.at /www/home/emo pro_re.htm
2010.12.22 16:38 B E:\Bo\Eigene Webs\Kraska\emo\pro_ob.htm --> www.kraska.at /www/home/emo pro_ob.htm
2013.08.13 22:07 B E:\Bo\Eigene Webs\Kraska\emo\05.jpg --> www.kraska.at /www/home/emo 05.jpg
2013.08.13 22:07 B E:\Bo\Eigene Webs\Kraska\emo\05k.jpg --> www.kraska.at /www/home/emo 05k.jpg
2013.08.13 22:07 B E:\Bo\Eigene Webs\Kraska\emo\WS_FTP.LOG --> www.kraska.at /www/home/emo WS_FTP.LOG
2013.08.13 22:10 B E:\Bo\Eigene Webs\Kraska\emo\WS_FTP.LOG --> www.kraska.at /www/home/emo WS_FTP.LOG
