2010.12.04 17:58 B E:\Bo\Eigene Webs\Kraska\dam\01.htm --> www.kraska.at /www/home/dam 01.htm
2010.12.04 17:58 B E:\Bo\Eigene Webs\Kraska\dam\01.jpg --> www.kraska.at /www/home/dam 01.jpg
2010.12.04 17:58 B E:\Bo\Eigene Webs\Kraska\dam\01k.jpg --> www.kraska.at /www/home/dam 01k.jpg
2010.12.04 17:58 B E:\Bo\Eigene Webs\Kraska\dam\01m.jpg --> www.kraska.at /www/home/dam 01m.jpg
2010.12.04 17:58 B E:\Bo\Eigene Webs\Kraska\dam\01n.jpg --> www.kraska.at /www/home/dam 01n.jpg
2010.12.04 17:58 B E:\Bo\Eigene Webs\Kraska\dam\02.htm --> www.kraska.at /www/home/dam 02.htm
2010.12.04 17:58 B E:\Bo\Eigene Webs\Kraska\dam\02.jpg --> www.kraska.at /www/home/dam 02.jpg
2010.12.04 17:58 B E:\Bo\Eigene Webs\Kraska\dam\02k.jpg --> www.kraska.at /www/home/dam 02k.jpg
2010.12.04 17:58 B E:\Bo\Eigene Webs\Kraska\dam\03.htm --> www.kraska.at /www/home/dam 03.htm
2010.12.04 17:58 B E:\Bo\Eigene Webs\Kraska\dam\03.jpg --> www.kraska.at /www/home/dam 03.jpg
2010.12.04 17:58 B E:\Bo\Eigene Webs\Kraska\dam\03k.jpg --> www.kraska.at /www/home/dam 03k.jpg
2010.12.04 17:58 B E:\Bo\Eigene Webs\Kraska\dam\04.htm --> www.kraska.at /www/home/dam 04.htm
2010.12.04 17:58 B E:\Bo\Eigene Webs\Kraska\dam\04.jpg --> www.kraska.at /www/home/dam 04.jpg
2010.12.04 17:58 B E:\Bo\Eigene Webs\Kraska\dam\04k.jpg --> www.kraska.at /www/home/dam 04k.jpg
2010.12.04 17:58 B E:\Bo\Eigene Webs\Kraska\dam\05.htm --> www.kraska.at /www/home/dam 05.htm
2010.12.04 17:58 B E:\Bo\Eigene Webs\Kraska\dam\05.jpg --> www.kraska.at /www/home/dam 05.jpg
2010.12.04 17:58 B E:\Bo\Eigene Webs\Kraska\dam\05k.jpg --> www.kraska.at /www/home/dam 05k.jpg
2010.12.04 17:58 B E:\Bo\Eigene Webs\Kraska\dam\06.htm --> www.kraska.at /www/home/dam 06.htm
2010.12.04 17:58 B E:\Bo\Eigene Webs\Kraska\dam\06.jpg --> www.kraska.at /www/home/dam 06.jpg
2010.12.04 17:58 B E:\Bo\Eigene Webs\Kraska\dam\06k.jpg --> www.kraska.at /www/home/dam 06k.jpg
2010.12.04 17:58 B E:\Bo\Eigene Webs\Kraska\dam\07.htm --> www.kraska.at /www/home/dam 07.htm
2010.12.04 17:58 B E:\Bo\Eigene Webs\Kraska\dam\08.htm --> www.kraska.at /www/home/dam 08.htm
2010.12.04 17:58 B E:\Bo\Eigene Webs\Kraska\dam\09.htm --> www.kraska.at /www/home/dam 09.htm
2010.12.04 17:58 B E:\Bo\Eigene Webs\Kraska\dam\10.htm --> www.kraska.at /www/home/dam 10.htm
2010.12.04 17:58 B E:\Bo\Eigene Webs\Kraska\dam\11.htm --> www.kraska.at /www/home/dam 11.htm
2010.12.04 17:58 B E:\Bo\Eigene Webs\Kraska\dam\12.htm --> www.kraska.at /www/home/dam 12.htm
2010.12.04 17:58 B E:\Bo\Eigene Webs\Kraska\dam\13.htm --> www.kraska.at /www/home/dam 13.htm
2010.12.04 17:58 B E:\Bo\Eigene Webs\Kraska\dam\14.htm --> www.kraska.at /www/home/dam 14.htm
2010.12.04 17:58 B E:\Bo\Eigene Webs\Kraska\dam\15.htm --> www.kraska.at /www/home/dam 15.htm
2010.12.04 17:58 B E:\Bo\Eigene Webs\Kraska\dam\16.htm --> www.kraska.at /www/home/dam 16.htm
2010.12.04 17:58 B E:\Bo\Eigene Webs\Kraska\dam\17.htm --> www.kraska.at /www/home/dam 17.htm
2010.12.04 17:58 B E:\Bo\Eigene Webs\Kraska\dam\index.htm --> www.kraska.at /www/home/dam index.htm
2010.12.04 17:58 B E:\Bo\Eigene Webs\Kraska\dam\pro_li.htm --> www.kraska.at /www/home/dam pro_li.htm
2010.12.04 17:58 B E:\Bo\Eigene Webs\Kraska\dam\pro_ob.htm --> www.kraska.at /www/home/dam pro_ob.htm
2010.12.04 17:58 B E:\Bo\Eigene Webs\Kraska\dam\pro_re.htm --> www.kraska.at /www/home/dam pro_re.htm
2010.12.04 18:00 B E:\Bo\Eigene Webs\Kraska\dam\WS_FTP.LOG --> www.kraska.at /www/home/dam WS_FTP.LOG
2010.12.04 18:04 B E:\Bo\Eigene Webs\Kraska\dam\01.htm --> www.kraska.at /www/home/dam 01.htm
2010.12.04 18:04 B E:\Bo\Eigene Webs\Kraska\dam\01.jpg --> www.kraska.at /www/home/dam 01.jpg
2010.12.04 18:04 B E:\Bo\Eigene Webs\Kraska\dam\01k.jpg --> www.kraska.at /www/home/dam 01k.jpg
2010.12.04 18:04 B E:\Bo\Eigene Webs\Kraska\dam\01m.jpg --> www.kraska.at /www/home/dam 01m.jpg
2010.12.04 18:04 B E:\Bo\Eigene Webs\Kraska\dam\01n.jpg --> www.kraska.at /www/home/dam 01n.jpg
2010.12.04 18:04 B E:\Bo\Eigene Webs\Kraska\dam\02.htm --> www.kraska.at /www/home/dam 02.htm
2010.12.04 18:04 B E:\Bo\Eigene Webs\Kraska\dam\02.jpg --> www.kraska.at /www/home/dam 02.jpg
2010.12.04 18:04 B E:\Bo\Eigene Webs\Kraska\dam\02k.jpg --> www.kraska.at /www/home/dam 02k.jpg
2010.12.04 18:04 B E:\Bo\Eigene Webs\Kraska\dam\03.htm --> www.kraska.at /www/home/dam 03.htm
2010.12.04 18:04 B E:\Bo\Eigene Webs\Kraska\dam\03.jpg --> www.kraska.at /www/home/dam 03.jpg
2010.12.04 18:04 B E:\Bo\Eigene Webs\Kraska\dam\03k.jpg --> www.kraska.at /www/home/dam 03k.jpg
2010.12.04 18:04 B E:\Bo\Eigene Webs\Kraska\dam\04.htm --> www.kraska.at /www/home/dam 04.htm
2010.12.04 18:04 B E:\Bo\Eigene Webs\Kraska\dam\04.jpg --> www.kraska.at /www/home/dam 04.jpg
2010.12.04 18:04 B E:\Bo\Eigene Webs\Kraska\dam\04k.jpg --> www.kraska.at /www/home/dam 04k.jpg
2010.12.04 18:04 B E:\Bo\Eigene Webs\Kraska\dam\05.htm --> www.kraska.at /www/home/dam 05.htm
2010.12.04 18:04 B E:\Bo\Eigene Webs\Kraska\dam\05.jpg --> www.kraska.at /www/home/dam 05.jpg
2010.12.04 18:04 B E:\Bo\Eigene Webs\Kraska\dam\05k.jpg --> www.kraska.at /www/home/dam 05k.jpg
2010.12.04 18:04 B E:\Bo\Eigene Webs\Kraska\dam\06.htm --> www.kraska.at /www/home/dam 06.htm
2010.12.04 18:04 B E:\Bo\Eigene Webs\Kraska\dam\06.jpg --> www.kraska.at /www/home/dam 06.jpg
2010.12.04 18:04 B E:\Bo\Eigene Webs\Kraska\dam\06k.jpg --> www.kraska.at /www/home/dam 06k.jpg
2010.12.04 18:04 B E:\Bo\Eigene Webs\Kraska\dam\07.htm --> www.kraska.at /www/home/dam 07.htm
2010.12.04 18:04 B E:\Bo\Eigene Webs\Kraska\dam\08.htm --> www.kraska.at /www/home/dam 08.htm
2010.12.04 18:04 B E:\Bo\Eigene Webs\Kraska\dam\09.htm --> www.kraska.at /www/home/dam 09.htm
2010.12.04 18:04 B E:\Bo\Eigene Webs\Kraska\dam\10.htm --> www.kraska.at /www/home/dam 10.htm
2010.12.04 18:04 B E:\Bo\Eigene Webs\Kraska\dam\11.htm --> www.kraska.at /www/home/dam 11.htm
2010.12.04 18:04 B E:\Bo\Eigene Webs\Kraska\dam\12.htm --> www.kraska.at /www/home/dam 12.htm
2010.12.04 18:04 B E:\Bo\Eigene Webs\Kraska\dam\13.htm --> www.kraska.at /www/home/dam 13.htm
2010.12.04 18:04 B E:\Bo\Eigene Webs\Kraska\dam\14.htm --> www.kraska.at /www/home/dam 14.htm
2010.12.04 18:04 B E:\Bo\Eigene Webs\Kraska\dam\15.htm --> www.kraska.at /www/home/dam 15.htm
2010.12.04 18:04 B E:\Bo\Eigene Webs\Kraska\dam\16.htm --> www.kraska.at /www/home/dam 16.htm
2010.12.04 18:04 B E:\Bo\Eigene Webs\Kraska\dam\17.htm --> www.kraska.at /www/home/dam 17.htm
2010.12.04 18:04 B E:\Bo\Eigene Webs\Kraska\dam\index.htm --> www.kraska.at /www/home/dam index.htm
2010.12.04 18:04 B E:\Bo\Eigene Webs\Kraska\dam\pro_li.htm --> www.kraska.at /www/home/dam pro_li.htm
2010.12.04 18:04 B E:\Bo\Eigene Webs\Kraska\dam\pro_ob.htm --> www.kraska.at /www/home/dam pro_ob.htm
2010.12.04 18:04 B E:\Bo\Eigene Webs\Kraska\dam\pro_re.htm --> www.kraska.at /www/home/dam pro_re.htm
2010.12.11 13:14 B E:\Bo\Eigene Webs\Kraska\dam\WS_FTP.LOG --> www.kraska.at /www/home/dam WS_FTP.LOG
2010.12.22 16:36 B E:\Bo\Eigene Webs\Kraska\dam\pro_ob.htm --> www.kraska.at /www/home/dam pro_ob.htm
2013.08.13 22:07 B E:\Bo\Eigene Webs\Kraska\dam\01.jpg --> www.kraska.at /www/home/dam 01.jpg
2013.08.13 22:07 B E:\Bo\Eigene Webs\Kraska\dam\01k.jpg --> www.kraska.at /www/home/dam 01k.jpg
2013.08.13 22:07 B E:\Bo\Eigene Webs\Kraska\dam\01m.jpg --> www.kraska.at /www/home/dam 01m.jpg
2013.08.13 22:07 B E:\Bo\Eigene Webs\Kraska\dam\01n.jpg --> www.kraska.at /www/home/dam 01n.jpg
2013.08.13 22:07 B E:\Bo\Eigene Webs\Kraska\dam\02.jpg --> www.kraska.at /www/home/dam 02.jpg
2013.08.13 22:07 B E:\Bo\Eigene Webs\Kraska\dam\02k.jpg --> www.kraska.at /www/home/dam 02k.jpg
2013.08.13 22:07 B E:\Bo\Eigene Webs\Kraska\dam\03.jpg --> www.kraska.at /www/home/dam 03.jpg
2013.08.13 22:07 B E:\Bo\Eigene Webs\Kraska\dam\03k.jpg --> www.kraska.at /www/home/dam 03k.jpg
2013.08.13 22:07 B E:\Bo\Eigene Webs\Kraska\dam\04.jpg --> www.kraska.at /www/home/dam 04.jpg
2013.08.13 22:07 B E:\Bo\Eigene Webs\Kraska\dam\04k.jpg --> www.kraska.at /www/home/dam 04k.jpg
2013.08.13 22:07 B E:\Bo\Eigene Webs\Kraska\dam\05.jpg --> www.kraska.at /www/home/dam 05.jpg
2013.08.13 22:07 B E:\Bo\Eigene Webs\Kraska\dam\05k.jpg --> www.kraska.at /www/home/dam 05k.jpg
2013.08.13 22:07 B E:\Bo\Eigene Webs\Kraska\dam\06.jpg --> www.kraska.at /www/home/dam 06.jpg
2013.08.13 22:07 B E:\Bo\Eigene Webs\Kraska\dam\06k.jpg --> www.kraska.at /www/home/dam 06k.jpg
2013.08.13 22:07 B E:\Bo\Eigene Webs\Kraska\dam\WS_FTP.LOG --> www.kraska.at /www/home/dam WS_FTP.LOG
2013.08.13 22:10 B E:\Bo\Eigene Webs\Kraska\dam\WS_FTP.LOG --> www.kraska.at /www/home/dam WS_FTP.LOG
