2010.12.04 18:01 B E:\Bo\Eigene Webs\Kraska\pdr\01.htm --> www.kraska.at /www/home/pdr 01.htm
2010.12.04 18:01 B E:\Bo\Eigene Webs\Kraska\pdr\01.jpg --> www.kraska.at /www/home/pdr 01.jpg
2010.12.04 18:01 B E:\Bo\Eigene Webs\Kraska\pdr\01k.jpg --> www.kraska.at /www/home/pdr 01k.jpg
2010.12.04 18:01 B E:\Bo\Eigene Webs\Kraska\pdr\01m.jpg --> www.kraska.at /www/home/pdr 01m.jpg
2010.12.04 18:01 B E:\Bo\Eigene Webs\Kraska\pdr\01n.jpg --> www.kraska.at /www/home/pdr 01n.jpg
2010.12.04 18:01 B E:\Bo\Eigene Webs\Kraska\pdr\02.htm --> www.kraska.at /www/home/pdr 02.htm
2010.12.04 18:01 B E:\Bo\Eigene Webs\Kraska\pdr\02.jpg --> www.kraska.at /www/home/pdr 02.jpg
2010.12.04 18:01 B E:\Bo\Eigene Webs\Kraska\pdr\02k.jpg --> www.kraska.at /www/home/pdr 02k.jpg
2010.12.04 18:01 B E:\Bo\Eigene Webs\Kraska\pdr\03.htm --> www.kraska.at /www/home/pdr 03.htm
2010.12.04 18:01 B E:\Bo\Eigene Webs\Kraska\pdr\03.jpg --> www.kraska.at /www/home/pdr 03.jpg
2010.12.04 18:01 B E:\Bo\Eigene Webs\Kraska\pdr\03k.jpg --> www.kraska.at /www/home/pdr 03k.jpg
2010.12.04 18:01 B E:\Bo\Eigene Webs\Kraska\pdr\04.htm --> www.kraska.at /www/home/pdr 04.htm
2010.12.04 18:01 B E:\Bo\Eigene Webs\Kraska\pdr\05.htm --> www.kraska.at /www/home/pdr 05.htm
2010.12.04 18:01 B E:\Bo\Eigene Webs\Kraska\pdr\06.htm --> www.kraska.at /www/home/pdr 06.htm
2010.12.04 18:01 B E:\Bo\Eigene Webs\Kraska\pdr\07.htm --> www.kraska.at /www/home/pdr 07.htm
2010.12.04 18:01 B E:\Bo\Eigene Webs\Kraska\pdr\07.jpg --> www.kraska.at /www/home/pdr 07.jpg
2010.12.04 18:01 B E:\Bo\Eigene Webs\Kraska\pdr\07k.jpg --> www.kraska.at /www/home/pdr 07k.jpg
2010.12.04 18:01 B E:\Bo\Eigene Webs\Kraska\pdr\08.htm --> www.kraska.at /www/home/pdr 08.htm
2010.12.04 18:01 B E:\Bo\Eigene Webs\Kraska\pdr\08.jpg --> www.kraska.at /www/home/pdr 08.jpg
2010.12.04 18:01 B E:\Bo\Eigene Webs\Kraska\pdr\08k.jpg --> www.kraska.at /www/home/pdr 08k.jpg
2010.12.04 18:01 B E:\Bo\Eigene Webs\Kraska\pdr\09.htm --> www.kraska.at /www/home/pdr 09.htm
2010.12.04 18:01 B E:\Bo\Eigene Webs\Kraska\pdr\09.jpg --> www.kraska.at /www/home/pdr 09.jpg
2010.12.04 18:01 B E:\Bo\Eigene Webs\Kraska\pdr\09k.jpg --> www.kraska.at /www/home/pdr 09k.jpg
2010.12.04 18:01 B E:\Bo\Eigene Webs\Kraska\pdr\10.htm --> www.kraska.at /www/home/pdr 10.htm
2010.12.04 18:01 B E:\Bo\Eigene Webs\Kraska\pdr\10.jpg --> www.kraska.at /www/home/pdr 10.jpg
2010.12.04 18:01 B E:\Bo\Eigene Webs\Kraska\pdr\10k.jpg --> www.kraska.at /www/home/pdr 10k.jpg
2010.12.04 18:01 B E:\Bo\Eigene Webs\Kraska\pdr\11.htm --> www.kraska.at /www/home/pdr 11.htm
2010.12.04 18:01 B E:\Bo\Eigene Webs\Kraska\pdr\11.jpg --> www.kraska.at /www/home/pdr 11.jpg
2010.12.04 18:01 B E:\Bo\Eigene Webs\Kraska\pdr\11k.jpg --> www.kraska.at /www/home/pdr 11k.jpg
2010.12.04 18:01 B E:\Bo\Eigene Webs\Kraska\pdr\12.htm --> www.kraska.at /www/home/pdr 12.htm
2010.12.04 18:01 B E:\Bo\Eigene Webs\Kraska\pdr\12.jpg --> www.kraska.at /www/home/pdr 12.jpg
2010.12.04 18:01 B E:\Bo\Eigene Webs\Kraska\pdr\12k.jpg --> www.kraska.at /www/home/pdr 12k.jpg
2010.12.04 18:01 B E:\Bo\Eigene Webs\Kraska\pdr\index.htm --> www.kraska.at /www/home/pdr index.htm
2010.12.04 18:01 B E:\Bo\Eigene Webs\Kraska\pdr\pro_li.htm --> www.kraska.at /www/home/pdr pro_li.htm
2010.12.04 18:01 B E:\Bo\Eigene Webs\Kraska\pdr\pro_ob.htm --> www.kraska.at /www/home/pdr pro_ob.htm
2010.12.04 18:01 B E:\Bo\Eigene Webs\Kraska\pdr\pro_re.htm --> www.kraska.at /www/home/pdr pro_re.htm
2010.12.04 18:06 B E:\Bo\Eigene Webs\Kraska\pdr\01.htm --> www.kraska.at /www/home/pdr 01.htm
2010.12.04 18:06 B E:\Bo\Eigene Webs\Kraska\pdr\01.jpg --> www.kraska.at /www/home/pdr 01.jpg
2010.12.04 18:06 B E:\Bo\Eigene Webs\Kraska\pdr\01k.jpg --> www.kraska.at /www/home/pdr 01k.jpg
2010.12.04 18:06 B E:\Bo\Eigene Webs\Kraska\pdr\01m.jpg --> www.kraska.at /www/home/pdr 01m.jpg
2010.12.04 18:06 B E:\Bo\Eigene Webs\Kraska\pdr\01n.jpg --> www.kraska.at /www/home/pdr 01n.jpg
2010.12.04 18:06 B E:\Bo\Eigene Webs\Kraska\pdr\02.htm --> www.kraska.at /www/home/pdr 02.htm
2010.12.04 18:06 B E:\Bo\Eigene Webs\Kraska\pdr\02.jpg --> www.kraska.at /www/home/pdr 02.jpg
2010.12.04 18:06 B E:\Bo\Eigene Webs\Kraska\pdr\02k.jpg --> www.kraska.at /www/home/pdr 02k.jpg
2010.12.04 18:06 B E:\Bo\Eigene Webs\Kraska\pdr\03.htm --> www.kraska.at /www/home/pdr 03.htm
2010.12.04 18:06 B E:\Bo\Eigene Webs\Kraska\pdr\03.jpg --> www.kraska.at /www/home/pdr 03.jpg
2010.12.04 18:06 B E:\Bo\Eigene Webs\Kraska\pdr\03k.jpg --> www.kraska.at /www/home/pdr 03k.jpg
2010.12.04 18:06 B E:\Bo\Eigene Webs\Kraska\pdr\04.htm --> www.kraska.at /www/home/pdr 04.htm
2010.12.04 18:06 B E:\Bo\Eigene Webs\Kraska\pdr\04.jpg --> www.kraska.at /www/home/pdr 04.jpg
2010.12.04 18:06 B E:\Bo\Eigene Webs\Kraska\pdr\04k.jpg --> www.kraska.at /www/home/pdr 04k.jpg
2010.12.04 18:06 B E:\Bo\Eigene Webs\Kraska\pdr\05.htm --> www.kraska.at /www/home/pdr 05.htm
2010.12.04 18:06 B E:\Bo\Eigene Webs\Kraska\pdr\05.jpg --> www.kraska.at /www/home/pdr 05.jpg
2010.12.04 18:06 B E:\Bo\Eigene Webs\Kraska\pdr\05k.jpg --> www.kraska.at /www/home/pdr 05k.jpg
2010.12.04 18:06 B E:\Bo\Eigene Webs\Kraska\pdr\06.htm --> www.kraska.at /www/home/pdr 06.htm
2010.12.04 18:06 B E:\Bo\Eigene Webs\Kraska\pdr\06.jpg --> www.kraska.at /www/home/pdr 06.jpg
2010.12.04 18:06 B E:\Bo\Eigene Webs\Kraska\pdr\06k.jpg --> www.kraska.at /www/home/pdr 06k.jpg
2010.12.04 18:06 B E:\Bo\Eigene Webs\Kraska\pdr\07.htm --> www.kraska.at /www/home/pdr 07.htm
2010.12.04 18:06 B E:\Bo\Eigene Webs\Kraska\pdr\07.jpg --> www.kraska.at /www/home/pdr 07.jpg
2010.12.04 18:06 B E:\Bo\Eigene Webs\Kraska\pdr\07k.jpg --> www.kraska.at /www/home/pdr 07k.jpg
2010.12.04 18:06 B E:\Bo\Eigene Webs\Kraska\pdr\08.htm --> www.kraska.at /www/home/pdr 08.htm
2010.12.04 18:06 B E:\Bo\Eigene Webs\Kraska\pdr\08.jpg --> www.kraska.at /www/home/pdr 08.jpg
2010.12.04 18:06 B E:\Bo\Eigene Webs\Kraska\pdr\08k.jpg --> www.kraska.at /www/home/pdr 08k.jpg
2010.12.04 18:06 B E:\Bo\Eigene Webs\Kraska\pdr\09.htm --> www.kraska.at /www/home/pdr 09.htm
2010.12.04 18:06 B E:\Bo\Eigene Webs\Kraska\pdr\09.jpg --> www.kraska.at /www/home/pdr 09.jpg
2010.12.04 18:06 B E:\Bo\Eigene Webs\Kraska\pdr\09k.jpg --> www.kraska.at /www/home/pdr 09k.jpg
2010.12.04 18:06 B E:\Bo\Eigene Webs\Kraska\pdr\10.htm --> www.kraska.at /www/home/pdr 10.htm
2010.12.04 18:06 B E:\Bo\Eigene Webs\Kraska\pdr\10.jpg --> www.kraska.at /www/home/pdr 10.jpg
2010.12.04 18:06 B E:\Bo\Eigene Webs\Kraska\pdr\10k.jpg --> www.kraska.at /www/home/pdr 10k.jpg
2010.12.04 18:06 B E:\Bo\Eigene Webs\Kraska\pdr\11.htm --> www.kraska.at /www/home/pdr 11.htm
2010.12.04 18:06 B E:\Bo\Eigene Webs\Kraska\pdr\11.jpg --> www.kraska.at /www/home/pdr 11.jpg
2010.12.04 18:06 B E:\Bo\Eigene Webs\Kraska\pdr\11k.jpg --> www.kraska.at /www/home/pdr 11k.jpg
2010.12.04 18:06 B E:\Bo\Eigene Webs\Kraska\pdr\12.htm --> www.kraska.at /www/home/pdr 12.htm
2010.12.04 18:06 B E:\Bo\Eigene Webs\Kraska\pdr\12.jpg --> www.kraska.at /www/home/pdr 12.jpg
2010.12.04 18:06 B E:\Bo\Eigene Webs\Kraska\pdr\12k.jpg --> www.kraska.at /www/home/pdr 12k.jpg
2010.12.04 18:06 B E:\Bo\Eigene Webs\Kraska\pdr\index.htm --> www.kraska.at /www/home/pdr index.htm
2010.12.04 18:06 B E:\Bo\Eigene Webs\Kraska\pdr\pro_li.htm --> www.kraska.at /www/home/pdr pro_li.htm
2010.12.04 18:06 B E:\Bo\Eigene Webs\Kraska\pdr\pro_ob.htm --> www.kraska.at /www/home/pdr pro_ob.htm
2010.12.04 18:06 B E:\Bo\Eigene Webs\Kraska\pdr\pro_re.htm --> www.kraska.at /www/home/pdr pro_re.htm
2010.12.11 13:19 B E:\Bo\Eigene Webs\Kraska\pdr\pro_re.htm --> www.kraska.at /www/home/pdr pro_re.htm
2010.12.11 13:19 B E:\Bo\Eigene Webs\Kraska\pdr\01k.jpg --> www.kraska.at /www/home/pdr 01k.jpg
2010.12.11 13:19 B E:\Bo\Eigene Webs\Kraska\pdr\01n.jpg --> www.kraska.at /www/home/pdr 01n.jpg
2010.12.11 13:19 B E:\Bo\Eigene Webs\Kraska\pdr\01m.jpg --> www.kraska.at /www/home/pdr 01m.jpg
2010.12.11 13:19 B E:\Bo\Eigene Webs\Kraska\pdr\09k.jpg --> www.kraska.at /www/home/pdr 09k.jpg
2010.12.11 13:19 B E:\Bo\Eigene Webs\Kraska\pdr\09.jpg --> www.kraska.at /www/home/pdr 09.jpg
2010.12.11 13:19 B E:\Bo\Eigene Webs\Kraska\pdr\01.jpg --> www.kraska.at /www/home/pdr 01.jpg
2010.12.11 13:19 B E:\Bo\Eigene Webs\Kraska\pdr\10k.jpg --> www.kraska.at /www/home/pdr 10k.jpg
2010.12.11 13:19 B E:\Bo\Eigene Webs\Kraska\pdr\10.jpg --> www.kraska.at /www/home/pdr 10.jpg
2010.12.11 13:25 B E:\Bo\Eigene Webs\Kraska\pdr\01.htm --> www.kraska.at /www/home/pdr 01.htm
2010.12.11 13:25 B E:\Bo\Eigene Webs\Kraska\pdr\01.jpg --> www.kraska.at /www/home/pdr 01.jpg
2010.12.11 13:25 B E:\Bo\Eigene Webs\Kraska\pdr\01k.jpg --> www.kraska.at /www/home/pdr 01k.jpg
2010.12.11 13:25 B E:\Bo\Eigene Webs\Kraska\pdr\01m.jpg --> www.kraska.at /www/home/pdr 01m.jpg
2010.12.11 13:25 B E:\Bo\Eigene Webs\Kraska\pdr\01n.jpg --> www.kraska.at /www/home/pdr 01n.jpg
2010.12.11 13:25 B E:\Bo\Eigene Webs\Kraska\pdr\02.htm --> www.kraska.at /www/home/pdr 02.htm
2010.12.11 13:25 B E:\Bo\Eigene Webs\Kraska\pdr\02.jpg --> www.kraska.at /www/home/pdr 02.jpg
2010.12.11 13:25 B E:\Bo\Eigene Webs\Kraska\pdr\02k.jpg --> www.kraska.at /www/home/pdr 02k.jpg
2010.12.11 13:25 B E:\Bo\Eigene Webs\Kraska\pdr\03.htm --> www.kraska.at /www/home/pdr 03.htm
2010.12.11 13:25 B E:\Bo\Eigene Webs\Kraska\pdr\03.jpg --> www.kraska.at /www/home/pdr 03.jpg
2010.12.11 13:25 B E:\Bo\Eigene Webs\Kraska\pdr\03k.jpg --> www.kraska.at /www/home/pdr 03k.jpg
2010.12.11 13:25 B E:\Bo\Eigene Webs\Kraska\pdr\04.htm --> www.kraska.at /www/home/pdr 04.htm
2010.12.11 13:25 B E:\Bo\Eigene Webs\Kraska\pdr\04.jpg --> www.kraska.at /www/home/pdr 04.jpg
2010.12.11 13:25 B E:\Bo\Eigene Webs\Kraska\pdr\04k.jpg --> www.kraska.at /www/home/pdr 04k.jpg
2010.12.11 13:25 B E:\Bo\Eigene Webs\Kraska\pdr\05.htm --> www.kraska.at /www/home/pdr 05.htm
2010.12.11 13:25 B E:\Bo\Eigene Webs\Kraska\pdr\05.jpg --> www.kraska.at /www/home/pdr 05.jpg
2010.12.11 13:25 B E:\Bo\Eigene Webs\Kraska\pdr\05k.jpg --> www.kraska.at /www/home/pdr 05k.jpg
2010.12.11 13:25 B E:\Bo\Eigene Webs\Kraska\pdr\06.htm --> www.kraska.at /www/home/pdr 06.htm
2010.12.11 13:25 B E:\Bo\Eigene Webs\Kraska\pdr\06.jpg --> www.kraska.at /www/home/pdr 06.jpg
2010.12.11 13:25 B E:\Bo\Eigene Webs\Kraska\pdr\06k.jpg --> www.kraska.at /www/home/pdr 06k.jpg
2010.12.11 13:25 B E:\Bo\Eigene Webs\Kraska\pdr\07.htm --> www.kraska.at /www/home/pdr 07.htm
2010.12.11 13:25 B E:\Bo\Eigene Webs\Kraska\pdr\07.jpg --> www.kraska.at /www/home/pdr 07.jpg
2010.12.11 13:25 B E:\Bo\Eigene Webs\Kraska\pdr\07k.jpg --> www.kraska.at /www/home/pdr 07k.jpg
2010.12.11 13:25 B E:\Bo\Eigene Webs\Kraska\pdr\08.htm --> www.kraska.at /www/home/pdr 08.htm
2010.12.11 13:25 B E:\Bo\Eigene Webs\Kraska\pdr\08.jpg --> www.kraska.at /www/home/pdr 08.jpg
2010.12.11 13:25 B E:\Bo\Eigene Webs\Kraska\pdr\08k.jpg --> www.kraska.at /www/home/pdr 08k.jpg
2010.12.11 13:25 B E:\Bo\Eigene Webs\Kraska\pdr\09.htm --> www.kraska.at /www/home/pdr 09.htm
2010.12.11 13:26 B E:\Bo\Eigene Webs\Kraska\pdr\09.jpg --> www.kraska.at /www/home/pdr 09.jpg
2010.12.11 13:26 B E:\Bo\Eigene Webs\Kraska\pdr\09k.jpg --> www.kraska.at /www/home/pdr 09k.jpg
2010.12.11 13:26 B E:\Bo\Eigene Webs\Kraska\pdr\10.htm --> www.kraska.at /www/home/pdr 10.htm
2010.12.11 13:26 B E:\Bo\Eigene Webs\Kraska\pdr\10.jpg --> www.kraska.at /www/home/pdr 10.jpg
2010.12.11 13:26 B E:\Bo\Eigene Webs\Kraska\pdr\10k.jpg --> www.kraska.at /www/home/pdr 10k.jpg
2010.12.11 13:26 B E:\Bo\Eigene Webs\Kraska\pdr\11.htm --> www.kraska.at /www/home/pdr 11.htm
2010.12.11 13:26 B E:\Bo\Eigene Webs\Kraska\pdr\12.htm --> www.kraska.at /www/home/pdr 12.htm
2010.12.11 13:26 B E:\Bo\Eigene Webs\Kraska\pdr\index.htm --> www.kraska.at /www/home/pdr index.htm
2010.12.11 13:26 B E:\Bo\Eigene Webs\Kraska\pdr\pro_li.htm --> www.kraska.at /www/home/pdr pro_li.htm
2010.12.11 13:26 B E:\Bo\Eigene Webs\Kraska\pdr\pro_ob.htm --> www.kraska.at /www/home/pdr pro_ob.htm
2010.12.11 13:26 B E:\Bo\Eigene Webs\Kraska\pdr\pro_re.htm --> www.kraska.at /www/home/pdr pro_re.htm
2010.12.22 16:38 B E:\Bo\Eigene Webs\Kraska\pdr\06k.jpg --> www.kraska.at /www/home/pdr 06k.jpg
2010.12.22 16:38 B E:\Bo\Eigene Webs\Kraska\pdr\06.jpg --> www.kraska.at /www/home/pdr 06.jpg
2010.12.22 16:38 B E:\Bo\Eigene Webs\Kraska\pdr\pro_ob.htm --> www.kraska.at /www/home/pdr pro_ob.htm
2010.12.22 16:49 B E:\Bo\Eigene Webs\Kraska\pdr\06.htm --> www.kraska.at /www/home/pdr 06.htm
2011.01.29 15:06 B E:\Bo\Eigene Webs\Kraska\pdr\06.htm --> www.kraska.at /www/home/pdr 06.htm
2013.08.13 22:10 B E:\Bo\Eigene Webs\Kraska\pdr\01.jpg --> www.kraska.at /www/home/pdr 01.jpg
2013.08.13 22:10 B E:\Bo\Eigene Webs\Kraska\pdr\01k.jpg --> www.kraska.at /www/home/pdr 01k.jpg
2013.08.13 22:10 B E:\Bo\Eigene Webs\Kraska\pdr\01m.jpg --> www.kraska.at /www/home/pdr 01m.jpg
2013.08.13 22:10 B E:\Bo\Eigene Webs\Kraska\pdr\01n.jpg --> www.kraska.at /www/home/pdr 01n.jpg
2013.08.13 22:10 B E:\Bo\Eigene Webs\Kraska\pdr\06.jpg --> www.kraska.at /www/home/pdr 06.jpg
2013.08.13 22:10 B E:\Bo\Eigene Webs\Kraska\pdr\06k.jpg --> www.kraska.at /www/home/pdr 06k.jpg
2013.08.13 22:10 B E:\Bo\Eigene Webs\Kraska\pdr\09.jpg --> www.kraska.at /www/home/pdr 09.jpg
2013.08.13 22:10 B E:\Bo\Eigene Webs\Kraska\pdr\09k.jpg --> www.kraska.at /www/home/pdr 09k.jpg
2013.08.13 22:10 B E:\Bo\Eigene Webs\Kraska\pdr\10.jpg --> www.kraska.at /www/home/pdr 10.jpg
2013.08.13 22:10 B E:\Bo\Eigene Webs\Kraska\pdr\10k.jpg --> www.kraska.at /www/home/pdr 10k.jpg
2013.08.13 22:10 B E:\Bo\Eigene Webs\Kraska\pdr\WS_FTP.LOG --> www.kraska.at /www/home/pdr WS_FTP.LOG
