2010.12.04 18:01 B E:\Bo\Eigene Webs\Kraska\tml\01.htm --> www.kraska.at /www/home/tml 01.htm
2010.12.04 18:01 B E:\Bo\Eigene Webs\Kraska\tml\01.jpg --> www.kraska.at /www/home/tml 01.jpg
2010.12.04 18:01 B E:\Bo\Eigene Webs\Kraska\tml\01m.jpg --> www.kraska.at /www/home/tml 01m.jpg
2010.12.04 18:01 B E:\Bo\Eigene Webs\Kraska\tml\01n.jpg --> www.kraska.at /www/home/tml 01n.jpg
2010.12.04 18:01 B E:\Bo\Eigene Webs\Kraska\tml\02.htm --> www.kraska.at /www/home/tml 02.htm
2010.12.04 18:01 B E:\Bo\Eigene Webs\Kraska\tml\02.jpg --> www.kraska.at /www/home/tml 02.jpg
2010.12.04 18:01 B E:\Bo\Eigene Webs\Kraska\tml\02k.jpg --> www.kraska.at /www/home/tml 02k.jpg
2010.12.04 18:01 B E:\Bo\Eigene Webs\Kraska\tml\03.htm --> www.kraska.at /www/home/tml 03.htm
2010.12.04 18:01 B E:\Bo\Eigene Webs\Kraska\tml\03.jpg --> www.kraska.at /www/home/tml 03.jpg
2010.12.04 18:01 B E:\Bo\Eigene Webs\Kraska\tml\03k.jpg --> www.kraska.at /www/home/tml 03k.jpg
2010.12.04 18:01 B E:\Bo\Eigene Webs\Kraska\tml\04.htm --> www.kraska.at /www/home/tml 04.htm
2010.12.04 18:01 B E:\Bo\Eigene Webs\Kraska\tml\04.jpg --> www.kraska.at /www/home/tml 04.jpg
2010.12.04 18:01 B E:\Bo\Eigene Webs\Kraska\tml\04k.jpg --> www.kraska.at /www/home/tml 04k.jpg
2010.12.04 18:01 B E:\Bo\Eigene Webs\Kraska\tml\05.htm --> www.kraska.at /www/home/tml 05.htm
2010.12.04 18:01 B E:\Bo\Eigene Webs\Kraska\tml\05.jpg --> www.kraska.at /www/home/tml 05.jpg
2010.12.04 18:01 B E:\Bo\Eigene Webs\Kraska\tml\05k.jpg --> www.kraska.at /www/home/tml 05k.jpg
2010.12.04 18:01 B E:\Bo\Eigene Webs\Kraska\tml\06.htm --> www.kraska.at /www/home/tml 06.htm
2010.12.04 18:01 B E:\Bo\Eigene Webs\Kraska\tml\07.htm --> www.kraska.at /www/home/tml 07.htm
2010.12.04 18:01 B E:\Bo\Eigene Webs\Kraska\tml\07.jpg --> www.kraska.at /www/home/tml 07.jpg
2010.12.04 18:01 B E:\Bo\Eigene Webs\Kraska\tml\07k.jpg --> www.kraska.at /www/home/tml 07k.jpg
2010.12.04 18:01 B E:\Bo\Eigene Webs\Kraska\tml\08.htm --> www.kraska.at /www/home/tml 08.htm
2010.12.04 18:01 B E:\Bo\Eigene Webs\Kraska\tml\08.jpg --> www.kraska.at /www/home/tml 08.jpg
2010.12.04 18:01 B E:\Bo\Eigene Webs\Kraska\tml\08k.jpg --> www.kraska.at /www/home/tml 08k.jpg
2010.12.04 18:01 B E:\Bo\Eigene Webs\Kraska\tml\09.htm --> www.kraska.at /www/home/tml 09.htm
2010.12.04 18:02 B E:\Bo\Eigene Webs\Kraska\tml\09.jpg --> www.kraska.at /www/home/tml 09.jpg
2010.12.04 18:08 B E:\Bo\Eigene Webs\Kraska\tml\01.htm --> www.kraska.at /www/home/tml 01.htm
2010.12.04 18:08 B E:\Bo\Eigene Webs\Kraska\tml\01.jpg --> www.kraska.at /www/home/tml 01.jpg
2010.12.04 18:08 B E:\Bo\Eigene Webs\Kraska\tml\01k.jpg --> www.kraska.at /www/home/tml 01k.jpg
2010.12.04 18:08 B E:\Bo\Eigene Webs\Kraska\tml\01m.jpg --> www.kraska.at /www/home/tml 01m.jpg
2010.12.04 18:08 B E:\Bo\Eigene Webs\Kraska\tml\01n.jpg --> www.kraska.at /www/home/tml 01n.jpg
2010.12.04 18:08 B E:\Bo\Eigene Webs\Kraska\tml\02.htm --> www.kraska.at /www/home/tml 02.htm
2010.12.04 18:08 B E:\Bo\Eigene Webs\Kraska\tml\02.jpg --> www.kraska.at /www/home/tml 02.jpg
2010.12.04 18:08 B E:\Bo\Eigene Webs\Kraska\tml\02k.jpg --> www.kraska.at /www/home/tml 02k.jpg
2010.12.04 18:08 B E:\Bo\Eigene Webs\Kraska\tml\03.htm --> www.kraska.at /www/home/tml 03.htm
2010.12.04 18:08 B E:\Bo\Eigene Webs\Kraska\tml\03.jpg --> www.kraska.at /www/home/tml 03.jpg
2010.12.04 18:08 B E:\Bo\Eigene Webs\Kraska\tml\03k.jpg --> www.kraska.at /www/home/tml 03k.jpg
2010.12.04 18:08 B E:\Bo\Eigene Webs\Kraska\tml\04.htm --> www.kraska.at /www/home/tml 04.htm
2010.12.04 18:08 B E:\Bo\Eigene Webs\Kraska\tml\04.jpg --> www.kraska.at /www/home/tml 04.jpg
2010.12.04 18:08 B E:\Bo\Eigene Webs\Kraska\tml\04k.jpg --> www.kraska.at /www/home/tml 04k.jpg
2010.12.04 18:08 B E:\Bo\Eigene Webs\Kraska\tml\05.htm --> www.kraska.at /www/home/tml 05.htm
2010.12.04 18:08 B E:\Bo\Eigene Webs\Kraska\tml\05.jpg --> www.kraska.at /www/home/tml 05.jpg
2010.12.04 18:08 B E:\Bo\Eigene Webs\Kraska\tml\05k.jpg --> www.kraska.at /www/home/tml 05k.jpg
2010.12.04 18:08 B E:\Bo\Eigene Webs\Kraska\tml\06.htm --> www.kraska.at /www/home/tml 06.htm
2010.12.04 18:08 B E:\Bo\Eigene Webs\Kraska\tml\06.jpg --> www.kraska.at /www/home/tml 06.jpg
2010.12.04 18:08 B E:\Bo\Eigene Webs\Kraska\tml\06k.jpg --> www.kraska.at /www/home/tml 06k.jpg
2010.12.04 18:08 B E:\Bo\Eigene Webs\Kraska\tml\07.htm --> www.kraska.at /www/home/tml 07.htm
2010.12.04 18:08 B E:\Bo\Eigene Webs\Kraska\tml\07.jpg --> www.kraska.at /www/home/tml 07.jpg
2010.12.04 18:08 B E:\Bo\Eigene Webs\Kraska\tml\07k.jpg --> www.kraska.at /www/home/tml 07k.jpg
2010.12.04 18:08 B E:\Bo\Eigene Webs\Kraska\tml\08.htm --> www.kraska.at /www/home/tml 08.htm
2010.12.04 18:08 B E:\Bo\Eigene Webs\Kraska\tml\08.jpg --> www.kraska.at /www/home/tml 08.jpg
2010.12.04 18:08 B E:\Bo\Eigene Webs\Kraska\tml\08k.jpg --> www.kraska.at /www/home/tml 08k.jpg
2010.12.04 18:08 B E:\Bo\Eigene Webs\Kraska\tml\09.htm --> www.kraska.at /www/home/tml 09.htm
2010.12.04 18:08 B E:\Bo\Eigene Webs\Kraska\tml\09.jpg --> www.kraska.at /www/home/tml 09.jpg
2010.12.04 18:08 B E:\Bo\Eigene Webs\Kraska\tml\09k.jpg --> www.kraska.at /www/home/tml 09k.jpg
2010.12.04 18:08 B E:\Bo\Eigene Webs\Kraska\tml\10.htm --> www.kraska.at /www/home/tml 10.htm
2010.12.04 18:08 B E:\Bo\Eigene Webs\Kraska\tml\10.jpg --> www.kraska.at /www/home/tml 10.jpg
2010.12.04 18:08 B E:\Bo\Eigene Webs\Kraska\tml\10k.jpg --> www.kraska.at /www/home/tml 10k.jpg
2010.12.04 18:08 B E:\Bo\Eigene Webs\Kraska\tml\11.htm --> www.kraska.at /www/home/tml 11.htm
2010.12.04 18:08 B E:\Bo\Eigene Webs\Kraska\tml\12.htm --> www.kraska.at /www/home/tml 12.htm
2010.12.04 18:08 B E:\Bo\Eigene Webs\Kraska\tml\index.htm --> www.kraska.at /www/home/tml index.htm
2010.12.04 18:08 B E:\Bo\Eigene Webs\Kraska\tml\pro_li.htm --> www.kraska.at /www/home/tml pro_li.htm
2010.12.04 18:08 B E:\Bo\Eigene Webs\Kraska\tml\pro_ob.htm --> www.kraska.at /www/home/tml pro_ob.htm
2010.12.04 18:08 B E:\Bo\Eigene Webs\Kraska\tml\pro_re.htm --> www.kraska.at /www/home/tml pro_re.htm
2010.12.04 18:26 B E:\Bo\Eigene Webs\Kraska\tml\pro_re.htm --> www.kraska.at /www/home/tml pro_re.htm
2010.12.11 13:20 B E:\Bo\Eigene Webs\Kraska\tml\pro_re.htm --> www.kraska.at /www/home/tml pro_re.htm
2010.12.11 13:27 B E:\Bo\Eigene Webs\Kraska\tml\01.htm --> www.kraska.at /www/home/tml 01.htm
2010.12.11 13:27 B E:\Bo\Eigene Webs\Kraska\tml\01.jpg --> www.kraska.at /www/home/tml 01.jpg
2010.12.11 13:27 B E:\Bo\Eigene Webs\Kraska\tml\01k.jpg --> www.kraska.at /www/home/tml 01k.jpg
2010.12.11 13:27 B E:\Bo\Eigene Webs\Kraska\tml\01m.jpg --> www.kraska.at /www/home/tml 01m.jpg
2010.12.11 13:27 B E:\Bo\Eigene Webs\Kraska\tml\01n.jpg --> www.kraska.at /www/home/tml 01n.jpg
2010.12.11 13:27 B E:\Bo\Eigene Webs\Kraska\tml\02.htm --> www.kraska.at /www/home/tml 02.htm
2010.12.11 13:27 B E:\Bo\Eigene Webs\Kraska\tml\02.jpg --> www.kraska.at /www/home/tml 02.jpg
2010.12.11 13:27 B E:\Bo\Eigene Webs\Kraska\tml\02k.jpg --> www.kraska.at /www/home/tml 02k.jpg
2010.12.11 13:27 B E:\Bo\Eigene Webs\Kraska\tml\03.htm --> www.kraska.at /www/home/tml 03.htm
2010.12.11 13:27 B E:\Bo\Eigene Webs\Kraska\tml\03.jpg --> www.kraska.at /www/home/tml 03.jpg
2010.12.11 13:27 B E:\Bo\Eigene Webs\Kraska\tml\03k.jpg --> www.kraska.at /www/home/tml 03k.jpg
2010.12.11 13:27 B E:\Bo\Eigene Webs\Kraska\tml\04.htm --> www.kraska.at /www/home/tml 04.htm
2010.12.11 13:27 B E:\Bo\Eigene Webs\Kraska\tml\04.jpg --> www.kraska.at /www/home/tml 04.jpg
2010.12.11 13:27 B E:\Bo\Eigene Webs\Kraska\tml\04k.jpg --> www.kraska.at /www/home/tml 04k.jpg
2010.12.11 13:27 B E:\Bo\Eigene Webs\Kraska\tml\05.htm --> www.kraska.at /www/home/tml 05.htm
2010.12.11 13:27 B E:\Bo\Eigene Webs\Kraska\tml\05.jpg --> www.kraska.at /www/home/tml 05.jpg
2010.12.11 13:27 B E:\Bo\Eigene Webs\Kraska\tml\05k.jpg --> www.kraska.at /www/home/tml 05k.jpg
2010.12.11 13:27 B E:\Bo\Eigene Webs\Kraska\tml\06.htm --> www.kraska.at /www/home/tml 06.htm
2010.12.11 13:27 B E:\Bo\Eigene Webs\Kraska\tml\06.jpg --> www.kraska.at /www/home/tml 06.jpg
2010.12.11 13:27 B E:\Bo\Eigene Webs\Kraska\tml\06k.jpg --> www.kraska.at /www/home/tml 06k.jpg
2010.12.11 13:27 B E:\Bo\Eigene Webs\Kraska\tml\07.htm --> www.kraska.at /www/home/tml 07.htm
2010.12.11 13:27 B E:\Bo\Eigene Webs\Kraska\tml\07.jpg --> www.kraska.at /www/home/tml 07.jpg
2010.12.11 13:27 B E:\Bo\Eigene Webs\Kraska\tml\07k.jpg --> www.kraska.at /www/home/tml 07k.jpg
2010.12.11 13:27 B E:\Bo\Eigene Webs\Kraska\tml\08.htm --> www.kraska.at /www/home/tml 08.htm
2010.12.11 13:27 B E:\Bo\Eigene Webs\Kraska\tml\08.jpg --> www.kraska.at /www/home/tml 08.jpg
2010.12.11 13:27 B E:\Bo\Eigene Webs\Kraska\tml\08k.jpg --> www.kraska.at /www/home/tml 08k.jpg
2010.12.11 13:27 B E:\Bo\Eigene Webs\Kraska\tml\09.htm --> www.kraska.at /www/home/tml 09.htm
2010.12.11 13:27 B E:\Bo\Eigene Webs\Kraska\tml\09.jpg --> www.kraska.at /www/home/tml 09.jpg
2010.12.11 13:27 B E:\Bo\Eigene Webs\Kraska\tml\09k.jpg --> www.kraska.at /www/home/tml 09k.jpg
2010.12.11 13:27 B E:\Bo\Eigene Webs\Kraska\tml\10.htm --> www.kraska.at /www/home/tml 10.htm
2010.12.11 13:27 B E:\Bo\Eigene Webs\Kraska\tml\10.jpg --> www.kraska.at /www/home/tml 10.jpg
2010.12.11 13:27 B E:\Bo\Eigene Webs\Kraska\tml\10k.jpg --> www.kraska.at /www/home/tml 10k.jpg
2010.12.11 13:27 B E:\Bo\Eigene Webs\Kraska\tml\11.htm --> www.kraska.at /www/home/tml 11.htm
2010.12.11 13:27 B E:\Bo\Eigene Webs\Kraska\tml\12.htm --> www.kraska.at /www/home/tml 12.htm
2010.12.11 13:27 B E:\Bo\Eigene Webs\Kraska\tml\index.htm --> www.kraska.at /www/home/tml index.htm
2010.12.11 13:27 B E:\Bo\Eigene Webs\Kraska\tml\pro_li.htm --> www.kraska.at /www/home/tml pro_li.htm
2010.12.11 13:27 B E:\Bo\Eigene Webs\Kraska\tml\pro_ob.htm --> www.kraska.at /www/home/tml pro_ob.htm
2010.12.11 13:27 B E:\Bo\Eigene Webs\Kraska\tml\pro_re.htm --> www.kraska.at /www/home/tml pro_re.htm
2010.12.22 16:40 B E:\Bo\Eigene Webs\Kraska\tml\pro_ob.htm --> www.kraska.at /www/home/tml pro_ob.htm
2013.08.13 22:10 B E:\Bo\Eigene Webs\Kraska\tml\WS_FTP.LOG --> www.kraska.at /www/home/tml WS_FTP.LOG
