2010.12.04 18:09 B E:\Bo\Eigene Webs\Kraska\tra\01.htm --> www.kraska.at /www/home/tra 01.htm
2010.12.04 18:09 B E:\Bo\Eigene Webs\Kraska\tra\01.jpg --> www.kraska.at /www/home/tra 01.jpg
2010.12.04 18:09 B E:\Bo\Eigene Webs\Kraska\tra\01k.jpg --> www.kraska.at /www/home/tra 01k.jpg
2010.12.04 18:09 B E:\Bo\Eigene Webs\Kraska\tra\01m.jpg --> www.kraska.at /www/home/tra 01m.jpg
2010.12.04 18:12 B E:\Bo\Eigene Webs\Kraska\tra\01n.jpg --> www.kraska.at /www/home/tra 01n.jpg
2010.12.04 18:19 B E:\Bo\Eigene Webs\Kraska\tra\01.htm --> www.kraska.at /www/home/tra 01.htm
2010.12.04 18:19 B E:\Bo\Eigene Webs\Kraska\tra\01.jpg --> www.kraska.at /www/home/tra 01.jpg
2010.12.04 18:19 B E:\Bo\Eigene Webs\Kraska\tra\01k.jpg --> www.kraska.at /www/home/tra 01k.jpg
2010.12.04 18:19 B E:\Bo\Eigene Webs\Kraska\tra\01m.jpg --> www.kraska.at /www/home/tra 01m.jpg
2010.12.04 18:19 B E:\Bo\Eigene Webs\Kraska\tra\01n.jpg --> www.kraska.at /www/home/tra 01n.jpg
2010.12.04 18:19 B E:\Bo\Eigene Webs\Kraska\tra\02.htm --> www.kraska.at /www/home/tra 02.htm
2010.12.04 18:19 B E:\Bo\Eigene Webs\Kraska\tra\02.jpg --> www.kraska.at /www/home/tra 02.jpg
2010.12.04 18:19 B E:\Bo\Eigene Webs\Kraska\tra\02k.jpg --> www.kraska.at /www/home/tra 02k.jpg
2010.12.04 18:19 B E:\Bo\Eigene Webs\Kraska\tra\03.htm --> www.kraska.at /www/home/tra 03.htm
2010.12.04 18:19 B E:\Bo\Eigene Webs\Kraska\tra\03.jpg --> www.kraska.at /www/home/tra 03.jpg
2010.12.04 18:19 B E:\Bo\Eigene Webs\Kraska\tra\03k.jpg --> www.kraska.at /www/home/tra 03k.jpg
2010.12.04 18:19 B E:\Bo\Eigene Webs\Kraska\tra\04.htm --> www.kraska.at /www/home/tra 04.htm
2010.12.04 18:19 B E:\Bo\Eigene Webs\Kraska\tra\04.jpg --> www.kraska.at /www/home/tra 04.jpg
2010.12.04 18:19 B E:\Bo\Eigene Webs\Kraska\tra\04k.jpg --> www.kraska.at /www/home/tra 04k.jpg
2010.12.04 18:19 B E:\Bo\Eigene Webs\Kraska\tra\05.htm --> www.kraska.at /www/home/tra 05.htm
2010.12.04 18:19 B E:\Bo\Eigene Webs\Kraska\tra\05.jpg --> www.kraska.at /www/home/tra 05.jpg
2010.12.04 18:19 B E:\Bo\Eigene Webs\Kraska\tra\05k.jpg --> www.kraska.at /www/home/tra 05k.jpg
2010.12.04 18:19 B E:\Bo\Eigene Webs\Kraska\tra\06.htm --> www.kraska.at /www/home/tra 06.htm
2010.12.04 18:19 B E:\Bo\Eigene Webs\Kraska\tra\06.jpg --> www.kraska.at /www/home/tra 06.jpg
2010.12.04 18:19 B E:\Bo\Eigene Webs\Kraska\tra\06k.jpg --> www.kraska.at /www/home/tra 06k.jpg
2010.12.04 18:19 B E:\Bo\Eigene Webs\Kraska\tra\07.htm --> www.kraska.at /www/home/tra 07.htm
2010.12.04 18:19 B E:\Bo\Eigene Webs\Kraska\tra\07.jpg --> www.kraska.at /www/home/tra 07.jpg
2010.12.04 18:19 B E:\Bo\Eigene Webs\Kraska\tra\07k.jpg --> www.kraska.at /www/home/tra 07k.jpg
2010.12.04 18:19 B E:\Bo\Eigene Webs\Kraska\tra\08.htm --> www.kraska.at /www/home/tra 08.htm
2010.12.04 18:19 B E:\Bo\Eigene Webs\Kraska\tra\08.jpg --> www.kraska.at /www/home/tra 08.jpg
2010.12.04 18:19 B E:\Bo\Eigene Webs\Kraska\tra\08k.jpg --> www.kraska.at /www/home/tra 08k.jpg
2010.12.04 18:19 B E:\Bo\Eigene Webs\Kraska\tra\09.htm --> www.kraska.at /www/home/tra 09.htm
2010.12.04 18:19 B E:\Bo\Eigene Webs\Kraska\tra\09.jpg --> www.kraska.at /www/home/tra 09.jpg
2010.12.04 18:19 B E:\Bo\Eigene Webs\Kraska\tra\09k.jpg --> www.kraska.at /www/home/tra 09k.jpg
2010.12.04 18:19 B E:\Bo\Eigene Webs\Kraska\tra\10.htm --> www.kraska.at /www/home/tra 10.htm
2010.12.04 18:19 B E:\Bo\Eigene Webs\Kraska\tra\10.jpg --> www.kraska.at /www/home/tra 10.jpg
2010.12.04 18:19 B E:\Bo\Eigene Webs\Kraska\tra\10k.jpg --> www.kraska.at /www/home/tra 10k.jpg
2010.12.04 18:19 B E:\Bo\Eigene Webs\Kraska\tra\11.htm --> www.kraska.at /www/home/tra 11.htm
2010.12.04 18:19 B E:\Bo\Eigene Webs\Kraska\tra\11.jpg --> www.kraska.at /www/home/tra 11.jpg
2010.12.04 18:19 B E:\Bo\Eigene Webs\Kraska\tra\11k.jpg --> www.kraska.at /www/home/tra 11k.jpg
2010.12.04 18:19 B E:\Bo\Eigene Webs\Kraska\tra\12.htm --> www.kraska.at /www/home/tra 12.htm
2010.12.04 18:19 B E:\Bo\Eigene Webs\Kraska\tra\12.jpg --> www.kraska.at /www/home/tra 12.jpg
2010.12.04 18:19 B E:\Bo\Eigene Webs\Kraska\tra\12k.jpg --> www.kraska.at /www/home/tra 12k.jpg
2010.12.04 18:19 B E:\Bo\Eigene Webs\Kraska\tra\13.htm --> www.kraska.at /www/home/tra 13.htm
2010.12.04 18:19 B E:\Bo\Eigene Webs\Kraska\tra\14.htm --> www.kraska.at /www/home/tra 14.htm
2010.12.04 18:19 B E:\Bo\Eigene Webs\Kraska\tra\15.htm --> www.kraska.at /www/home/tra 15.htm
2010.12.04 18:19 B E:\Bo\Eigene Webs\Kraska\tra\16.htm --> www.kraska.at /www/home/tra 16.htm
2010.12.04 18:19 B E:\Bo\Eigene Webs\Kraska\tra\17.htm --> www.kraska.at /www/home/tra 17.htm
2010.12.04 18:19 B E:\Bo\Eigene Webs\Kraska\tra\1k.jpg --> www.kraska.at /www/home/tra 1k.jpg
2010.12.04 18:19 B E:\Bo\Eigene Webs\Kraska\tra\1m.jpg --> www.kraska.at /www/home/tra 1m.jpg
2010.12.04 18:19 B E:\Bo\Eigene Webs\Kraska\tra\index.htm --> www.kraska.at /www/home/tra index.htm
2010.12.04 18:19 B E:\Bo\Eigene Webs\Kraska\tra\pro_li.htm --> www.kraska.at /www/home/tra pro_li.htm
2010.12.04 18:19 B E:\Bo\Eigene Webs\Kraska\tra\pro_ob.htm --> www.kraska.at /www/home/tra pro_ob.htm
2010.12.04 18:19 B E:\Bo\Eigene Webs\Kraska\tra\pro_re.htm --> www.kraska.at /www/home/tra pro_re.htm
2010.12.11 13:21 B E:\Bo\Eigene Webs\Kraska\tra\pro_re.htm --> www.kraska.at /www/home/tra pro_re.htm
2010.12.11 13:21 B E:\Bo\Eigene Webs\Kraska\tra\02k.jpg --> www.kraska.at /www/home/tra 02k.jpg
2010.12.11 13:21 B E:\Bo\Eigene Webs\Kraska\tra\02.jpg --> www.kraska.at /www/home/tra 02.jpg
2010.12.11 13:28 B E:\Bo\Eigene Webs\Kraska\tra\01.htm --> www.kraska.at /www/home/tra 01.htm
2010.12.11 13:28 B E:\Bo\Eigene Webs\Kraska\tra\01.jpg --> www.kraska.at /www/home/tra 01.jpg
2010.12.11 13:28 B E:\Bo\Eigene Webs\Kraska\tra\01k.jpg --> www.kraska.at /www/home/tra 01k.jpg
2010.12.11 13:28 B E:\Bo\Eigene Webs\Kraska\tra\01m.jpg --> www.kraska.at /www/home/tra 01m.jpg
2010.12.11 13:28 B E:\Bo\Eigene Webs\Kraska\tra\01n.jpg --> www.kraska.at /www/home/tra 01n.jpg
2010.12.11 13:28 B E:\Bo\Eigene Webs\Kraska\tra\02.htm --> www.kraska.at /www/home/tra 02.htm
2010.12.11 13:28 B E:\Bo\Eigene Webs\Kraska\tra\02.jpg --> www.kraska.at /www/home/tra 02.jpg
2010.12.11 13:28 B E:\Bo\Eigene Webs\Kraska\tra\02k.jpg --> www.kraska.at /www/home/tra 02k.jpg
2010.12.11 13:28 B E:\Bo\Eigene Webs\Kraska\tra\03.htm --> www.kraska.at /www/home/tra 03.htm
2010.12.11 13:28 B E:\Bo\Eigene Webs\Kraska\tra\03.jpg --> www.kraska.at /www/home/tra 03.jpg
2010.12.11 13:28 B E:\Bo\Eigene Webs\Kraska\tra\03k.jpg --> www.kraska.at /www/home/tra 03k.jpg
2010.12.11 13:28 B E:\Bo\Eigene Webs\Kraska\tra\04.htm --> www.kraska.at /www/home/tra 04.htm
2010.12.11 13:28 B E:\Bo\Eigene Webs\Kraska\tra\04.jpg --> www.kraska.at /www/home/tra 04.jpg
2010.12.11 13:28 B E:\Bo\Eigene Webs\Kraska\tra\04k.jpg --> www.kraska.at /www/home/tra 04k.jpg
2010.12.11 13:28 B E:\Bo\Eigene Webs\Kraska\tra\05.htm --> www.kraska.at /www/home/tra 05.htm
2010.12.11 13:28 B E:\Bo\Eigene Webs\Kraska\tra\05.jpg --> www.kraska.at /www/home/tra 05.jpg
2010.12.11 13:28 B E:\Bo\Eigene Webs\Kraska\tra\05k.jpg --> www.kraska.at /www/home/tra 05k.jpg
2010.12.11 13:28 B E:\Bo\Eigene Webs\Kraska\tra\06.htm --> www.kraska.at /www/home/tra 06.htm
2010.12.11 13:28 B E:\Bo\Eigene Webs\Kraska\tra\06.jpg --> www.kraska.at /www/home/tra 06.jpg
2010.12.11 13:28 B E:\Bo\Eigene Webs\Kraska\tra\06k.jpg --> www.kraska.at /www/home/tra 06k.jpg
2010.12.11 13:28 B E:\Bo\Eigene Webs\Kraska\tra\07.htm --> www.kraska.at /www/home/tra 07.htm
2010.12.11 13:28 B E:\Bo\Eigene Webs\Kraska\tra\07.jpg --> www.kraska.at /www/home/tra 07.jpg
2010.12.11 13:28 B E:\Bo\Eigene Webs\Kraska\tra\07k.jpg --> www.kraska.at /www/home/tra 07k.jpg
2010.12.11 13:28 B E:\Bo\Eigene Webs\Kraska\tra\08.htm --> www.kraska.at /www/home/tra 08.htm
2010.12.11 13:28 B E:\Bo\Eigene Webs\Kraska\tra\08.jpg --> www.kraska.at /www/home/tra 08.jpg
2010.12.11 13:28 B E:\Bo\Eigene Webs\Kraska\tra\08k.jpg --> www.kraska.at /www/home/tra 08k.jpg
2010.12.11 13:28 B E:\Bo\Eigene Webs\Kraska\tra\09.htm --> www.kraska.at /www/home/tra 09.htm
2010.12.11 13:28 B E:\Bo\Eigene Webs\Kraska\tra\09.jpg --> www.kraska.at /www/home/tra 09.jpg
2010.12.11 13:28 B E:\Bo\Eigene Webs\Kraska\tra\09k.jpg --> www.kraska.at /www/home/tra 09k.jpg
2010.12.11 13:28 B E:\Bo\Eigene Webs\Kraska\tra\10.htm --> www.kraska.at /www/home/tra 10.htm
2010.12.11 13:28 B E:\Bo\Eigene Webs\Kraska\tra\10.jpg --> www.kraska.at /www/home/tra 10.jpg
2010.12.11 13:28 B E:\Bo\Eigene Webs\Kraska\tra\10k.jpg --> www.kraska.at /www/home/tra 10k.jpg
2010.12.11 13:28 B E:\Bo\Eigene Webs\Kraska\tra\11.htm --> www.kraska.at /www/home/tra 11.htm
2010.12.11 13:28 B E:\Bo\Eigene Webs\Kraska\tra\11.jpg --> www.kraska.at /www/home/tra 11.jpg
2010.12.11 13:28 B E:\Bo\Eigene Webs\Kraska\tra\11k.jpg --> www.kraska.at /www/home/tra 11k.jpg
2010.12.11 13:28 B E:\Bo\Eigene Webs\Kraska\tra\12.htm --> www.kraska.at /www/home/tra 12.htm
2010.12.11 13:28 B E:\Bo\Eigene Webs\Kraska\tra\12.jpg --> www.kraska.at /www/home/tra 12.jpg
2010.12.11 13:28 B E:\Bo\Eigene Webs\Kraska\tra\12k.jpg --> www.kraska.at /www/home/tra 12k.jpg
2010.12.11 13:28 B E:\Bo\Eigene Webs\Kraska\tra\13.htm --> www.kraska.at /www/home/tra 13.htm
2010.12.11 13:28 B E:\Bo\Eigene Webs\Kraska\tra\14.htm --> www.kraska.at /www/home/tra 14.htm
2010.12.11 13:28 B E:\Bo\Eigene Webs\Kraska\tra\15.htm --> www.kraska.at /www/home/tra 15.htm
2010.12.11 13:28 B E:\Bo\Eigene Webs\Kraska\tra\16.htm --> www.kraska.at /www/home/tra 16.htm
2010.12.11 13:28 B E:\Bo\Eigene Webs\Kraska\tra\17.htm --> www.kraska.at /www/home/tra 17.htm
2010.12.11 13:28 B E:\Bo\Eigene Webs\Kraska\tra\1k.jpg --> www.kraska.at /www/home/tra 1k.jpg
2010.12.11 13:28 B E:\Bo\Eigene Webs\Kraska\tra\1m.jpg --> www.kraska.at /www/home/tra 1m.jpg
2010.12.11 13:28 B E:\Bo\Eigene Webs\Kraska\tra\index.htm --> www.kraska.at /www/home/tra index.htm
2010.12.11 13:28 B E:\Bo\Eigene Webs\Kraska\tra\pro_li.htm --> www.kraska.at /www/home/tra pro_li.htm
2010.12.11 13:28 B E:\Bo\Eigene Webs\Kraska\tra\pro_ob.htm --> www.kraska.at /www/home/tra pro_ob.htm
2010.12.11 13:28 B E:\Bo\Eigene Webs\Kraska\tra\pro_re.htm --> www.kraska.at /www/home/tra pro_re.htm
2010.12.22 16:40 B E:\Bo\Eigene Webs\Kraska\tra\pro_ob.htm --> www.kraska.at /www/home/tra pro_ob.htm
2013.08.13 22:10 B E:\Bo\Eigene Webs\Kraska\tra\02.jpg --> www.kraska.at /www/home/tra 02.jpg
2013.08.13 22:10 B E:\Bo\Eigene Webs\Kraska\tra\02k.jpg --> www.kraska.at /www/home/tra 02k.jpg
2013.08.13 22:10 B E:\Bo\Eigene Webs\Kraska\tra\WS_FTP.LOG --> www.kraska.at /www/home/tra WS_FTP.LOG
