2010.12.04 18:19 B E:\Bo\Eigene Webs\Kraska\urb\01.htm --> www.kraska.at /www/home/urb 01.htm
2010.12.04 18:19 B E:\Bo\Eigene Webs\Kraska\urb\01.jpg --> www.kraska.at /www/home/urb 01.jpg
2010.12.04 18:19 B E:\Bo\Eigene Webs\Kraska\urb\01k.jpg --> www.kraska.at /www/home/urb 01k.jpg
2010.12.04 18:19 B E:\Bo\Eigene Webs\Kraska\urb\01m.jpg --> www.kraska.at /www/home/urb 01m.jpg
2010.12.04 18:19 B E:\Bo\Eigene Webs\Kraska\urb\01n.jpg --> www.kraska.at /www/home/urb 01n.jpg
2010.12.04 18:19 B E:\Bo\Eigene Webs\Kraska\urb\02.htm --> www.kraska.at /www/home/urb 02.htm
2010.12.04 18:19 B E:\Bo\Eigene Webs\Kraska\urb\02.jpg --> www.kraska.at /www/home/urb 02.jpg
2010.12.04 18:19 B E:\Bo\Eigene Webs\Kraska\urb\02k.jpg --> www.kraska.at /www/home/urb 02k.jpg
2010.12.04 18:19 B E:\Bo\Eigene Webs\Kraska\urb\03.htm --> www.kraska.at /www/home/urb 03.htm
2010.12.04 18:19 B E:\Bo\Eigene Webs\Kraska\urb\03.jpg --> www.kraska.at /www/home/urb 03.jpg
2010.12.04 18:19 B E:\Bo\Eigene Webs\Kraska\urb\03k.jpg --> www.kraska.at /www/home/urb 03k.jpg
2010.12.04 18:19 B E:\Bo\Eigene Webs\Kraska\urb\04.htm --> www.kraska.at /www/home/urb 04.htm
2010.12.04 18:19 B E:\Bo\Eigene Webs\Kraska\urb\04.jpg --> www.kraska.at /www/home/urb 04.jpg
2010.12.04 18:19 B E:\Bo\Eigene Webs\Kraska\urb\04k.jpg --> www.kraska.at /www/home/urb 04k.jpg
2010.12.04 18:19 B E:\Bo\Eigene Webs\Kraska\urb\05.htm --> www.kraska.at /www/home/urb 05.htm
2010.12.04 18:19 B E:\Bo\Eigene Webs\Kraska\urb\05.jpg --> www.kraska.at /www/home/urb 05.jpg
2010.12.04 18:19 B E:\Bo\Eigene Webs\Kraska\urb\05k.jpg --> www.kraska.at /www/home/urb 05k.jpg
2010.12.04 18:19 B E:\Bo\Eigene Webs\Kraska\urb\06.htm --> www.kraska.at /www/home/urb 06.htm
2010.12.04 18:19 B E:\Bo\Eigene Webs\Kraska\urb\06.jpg --> www.kraska.at /www/home/urb 06.jpg
2010.12.04 18:19 B E:\Bo\Eigene Webs\Kraska\urb\06k.jpg --> www.kraska.at /www/home/urb 06k.jpg
2010.12.04 18:19 B E:\Bo\Eigene Webs\Kraska\urb\07.htm --> www.kraska.at /www/home/urb 07.htm
2010.12.04 18:19 B E:\Bo\Eigene Webs\Kraska\urb\07.jpg --> www.kraska.at /www/home/urb 07.jpg
2010.12.04 18:19 B E:\Bo\Eigene Webs\Kraska\urb\07k.jpg --> www.kraska.at /www/home/urb 07k.jpg
2010.12.04 18:19 B E:\Bo\Eigene Webs\Kraska\urb\08.htm --> www.kraska.at /www/home/urb 08.htm
2010.12.04 18:19 B E:\Bo\Eigene Webs\Kraska\urb\08.jpg --> www.kraska.at /www/home/urb 08.jpg
2010.12.04 18:19 B E:\Bo\Eigene Webs\Kraska\urb\08k.jpg --> www.kraska.at /www/home/urb 08k.jpg
2010.12.04 18:19 B E:\Bo\Eigene Webs\Kraska\urb\09.htm --> www.kraska.at /www/home/urb 09.htm
2010.12.04 18:19 B E:\Bo\Eigene Webs\Kraska\urb\09.jpg --> www.kraska.at /www/home/urb 09.jpg
2010.12.04 18:19 B E:\Bo\Eigene Webs\Kraska\urb\09k.jpg --> www.kraska.at /www/home/urb 09k.jpg
2010.12.04 18:19 B E:\Bo\Eigene Webs\Kraska\urb\10.htm --> www.kraska.at /www/home/urb 10.htm
2010.12.04 18:19 B E:\Bo\Eigene Webs\Kraska\urb\10.jpg --> www.kraska.at /www/home/urb 10.jpg
2010.12.04 18:19 B E:\Bo\Eigene Webs\Kraska\urb\10k.jpg --> www.kraska.at /www/home/urb 10k.jpg
2010.12.04 18:19 B E:\Bo\Eigene Webs\Kraska\urb\11.htm --> www.kraska.at /www/home/urb 11.htm
2010.12.04 18:19 B E:\Bo\Eigene Webs\Kraska\urb\11.jpg --> www.kraska.at /www/home/urb 11.jpg
2010.12.04 18:19 B E:\Bo\Eigene Webs\Kraska\urb\11k.jpg --> www.kraska.at /www/home/urb 11k.jpg
2010.12.04 18:19 B E:\Bo\Eigene Webs\Kraska\urb\12.htm --> www.kraska.at /www/home/urb 12.htm
2010.12.04 18:19 B E:\Bo\Eigene Webs\Kraska\urb\12.jpg --> www.kraska.at /www/home/urb 12.jpg
2010.12.04 18:19 B E:\Bo\Eigene Webs\Kraska\urb\12k.jpg --> www.kraska.at /www/home/urb 12k.jpg
2010.12.04 18:19 B E:\Bo\Eigene Webs\Kraska\urb\13.htm --> www.kraska.at /www/home/urb 13.htm
2010.12.04 18:19 B E:\Bo\Eigene Webs\Kraska\urb\13.jpg --> www.kraska.at /www/home/urb 13.jpg
2010.12.04 18:19 B E:\Bo\Eigene Webs\Kraska\urb\13k.jpg --> www.kraska.at /www/home/urb 13k.jpg
2010.12.04 18:20 B E:\Bo\Eigene Webs\Kraska\urb\14.htm --> www.kraska.at /www/home/urb 14.htm
2010.12.04 18:20 B E:\Bo\Eigene Webs\Kraska\urb\14.jpg --> www.kraska.at /www/home/urb 14.jpg
2010.12.04 18:20 B E:\Bo\Eigene Webs\Kraska\urb\14k.jpg --> www.kraska.at /www/home/urb 14k.jpg
2010.12.04 18:20 B E:\Bo\Eigene Webs\Kraska\urb\15.htm --> www.kraska.at /www/home/urb 15.htm
2010.12.04 18:20 B E:\Bo\Eigene Webs\Kraska\urb\15.jpg --> www.kraska.at /www/home/urb 15.jpg
2010.12.04 18:20 B E:\Bo\Eigene Webs\Kraska\urb\15k.jpg --> www.kraska.at /www/home/urb 15k.jpg
2010.12.04 18:20 B E:\Bo\Eigene Webs\Kraska\urb\16.htm --> www.kraska.at /www/home/urb 16.htm
2010.12.04 18:20 B E:\Bo\Eigene Webs\Kraska\urb\16.jpg --> www.kraska.at /www/home/urb 16.jpg
2010.12.04 18:20 B E:\Bo\Eigene Webs\Kraska\urb\16k.jpg --> www.kraska.at /www/home/urb 16k.jpg
2010.12.04 18:20 B E:\Bo\Eigene Webs\Kraska\urb\17.htm --> www.kraska.at /www/home/urb 17.htm
2010.12.04 18:20 B E:\Bo\Eigene Webs\Kraska\urb\17.jpg --> www.kraska.at /www/home/urb 17.jpg
2010.12.04 18:20 B E:\Bo\Eigene Webs\Kraska\urb\17k.jpg --> www.kraska.at /www/home/urb 17k.jpg
2010.12.04 18:20 B E:\Bo\Eigene Webs\Kraska\urb\index.htm --> www.kraska.at /www/home/urb index.htm
2010.12.04 18:20 B E:\Bo\Eigene Webs\Kraska\urb\pro_li.htm --> www.kraska.at /www/home/urb pro_li.htm
2010.12.04 18:20 B E:\Bo\Eigene Webs\Kraska\urb\pro_ob.htm --> www.kraska.at /www/home/urb pro_ob.htm
2010.12.04 18:20 B E:\Bo\Eigene Webs\Kraska\urb\pro_re.htm --> www.kraska.at /www/home/urb pro_re.htm
2010.12.04 18:20 B E:\Bo\Eigene Webs\Kraska\urb\startbild.jpg --> www.kraska.at /www/home/urb startbild.jpg
2010.12.04 18:30 B E:\Bo\Eigene Webs\Kraska\urb\pro_re.htm --> www.kraska.at /www/home/urb pro_re.htm
2010.12.11 13:21 B E:\Bo\Eigene Webs\Kraska\urb\pro_re.htm --> www.kraska.at /www/home/urb pro_re.htm
2010.12.11 13:23 B E:\Bo\Eigene Webs\Kraska\urb\pro_re.htm --> www.kraska.at /www/home/urb pro_re.htm
2010.12.11 13:23 B E:\Bo\Eigene Webs\Kraska\urb\pro_re.htm --> www.kraska.at /www/home/urb pro_re.htm
2010.12.11 13:23 B E:\Bo\Eigene Webs\Kraska\urb\pro_ob.htm --> www.kraska.at /www/home/urb pro_ob.htm
2010.12.11 13:23 B E:\Bo\Eigene Webs\Kraska\urb\pro_li.htm --> www.kraska.at /www/home/urb pro_li.htm
2010.12.11 13:23 B E:\Bo\Eigene Webs\Kraska\urb\12.htm --> www.kraska.at /www/home/urb 12.htm
2010.12.11 13:23 B E:\Bo\Eigene Webs\Kraska\urb\11.htm --> www.kraska.at /www/home/urb 11.htm
2010.12.11 13:23 B E:\Bo\Eigene Webs\Kraska\urb\10.htm --> www.kraska.at /www/home/urb 10.htm
2010.12.11 13:23 B E:\Bo\Eigene Webs\Kraska\urb\09.htm --> www.kraska.at /www/home/urb 09.htm
2010.12.11 13:23 B E:\Bo\Eigene Webs\Kraska\urb\08.htm --> www.kraska.at /www/home/urb 08.htm
2010.12.11 13:23 B E:\Bo\Eigene Webs\Kraska\urb\07.htm --> www.kraska.at /www/home/urb 07.htm
2010.12.11 13:23 B E:\Bo\Eigene Webs\Kraska\urb\06.htm --> www.kraska.at /www/home/urb 06.htm
2010.12.11 13:23 B E:\Bo\Eigene Webs\Kraska\urb\05.htm --> www.kraska.at /www/home/urb 05.htm
2010.12.11 13:23 B E:\Bo\Eigene Webs\Kraska\urb\04.htm --> www.kraska.at /www/home/urb 04.htm
2010.12.11 13:23 B E:\Bo\Eigene Webs\Kraska\urb\03.htm --> www.kraska.at /www/home/urb 03.htm
2010.12.11 13:23 B E:\Bo\Eigene Webs\Kraska\urb\02.htm --> www.kraska.at /www/home/urb 02.htm
2010.12.11 13:23 B E:\Bo\Eigene Webs\Kraska\urb\01.htm --> www.kraska.at /www/home/urb 01.htm
2010.12.11 13:23 B E:\Bo\Eigene Webs\Kraska\urb\01m.jpg --> www.kraska.at /www/home/urb 01m.jpg
2010.12.11 13:23 B E:\Bo\Eigene Webs\Kraska\urb\01k.jpg --> www.kraska.at /www/home/urb 01k.jpg
2010.12.11 13:23 B E:\Bo\Eigene Webs\Kraska\urb\01.jpg --> www.kraska.at /www/home/urb 01.jpg
2010.12.11 13:23 B E:\Bo\Eigene Webs\Kraska\urb\02k.jpg --> www.kraska.at /www/home/urb 02k.jpg
2010.12.11 13:23 B E:\Bo\Eigene Webs\Kraska\urb\02.jpg --> www.kraska.at /www/home/urb 02.jpg
2010.12.11 13:23 B E:\Bo\Eigene Webs\Kraska\urb\07k.jpg --> www.kraska.at /www/home/urb 07k.jpg
2010.12.11 13:23 B E:\Bo\Eigene Webs\Kraska\urb\07.jpg --> www.kraska.at /www/home/urb 07.jpg
2010.12.11 13:23 B E:\Bo\Eigene Webs\Kraska\urb\08k.jpg --> www.kraska.at /www/home/urb 08k.jpg
2010.12.11 13:23 B E:\Bo\Eigene Webs\Kraska\urb\08.jpg --> www.kraska.at /www/home/urb 08.jpg
2010.12.11 13:23 B E:\Bo\Eigene Webs\Kraska\urb\09k.jpg --> www.kraska.at /www/home/urb 09k.jpg
2010.12.11 13:23 B E:\Bo\Eigene Webs\Kraska\urb\10k.jpg --> www.kraska.at /www/home/urb 10k.jpg
2010.12.11 13:23 B E:\Bo\Eigene Webs\Kraska\urb\10.jpg --> www.kraska.at /www/home/urb 10.jpg
2010.12.11 13:23 B E:\Bo\Eigene Webs\Kraska\urb\11k.jpg --> www.kraska.at /www/home/urb 11k.jpg
2010.12.11 13:23 B E:\Bo\Eigene Webs\Kraska\urb\11.jpg --> www.kraska.at /www/home/urb 11.jpg
2010.12.11 13:23 B E:\Bo\Eigene Webs\Kraska\urb\12k.jpg --> www.kraska.at /www/home/urb 12k.jpg
2010.12.11 13:23 B E:\Bo\Eigene Webs\Kraska\urb\12.jpg --> www.kraska.at /www/home/urb 12.jpg
2010.12.11 13:23 B E:\Bo\Eigene Webs\Kraska\urb\17.htm --> www.kraska.at /www/home/urb 17.htm
2010.12.11 13:23 B E:\Bo\Eigene Webs\Kraska\urb\16.htm --> www.kraska.at /www/home/urb 16.htm
2010.12.11 13:23 B E:\Bo\Eigene Webs\Kraska\urb\15.htm --> www.kraska.at /www/home/urb 15.htm
2010.12.11 13:23 B E:\Bo\Eigene Webs\Kraska\urb\14.htm --> www.kraska.at /www/home/urb 14.htm
2010.12.11 13:23 B E:\Bo\Eigene Webs\Kraska\urb\13.htm --> www.kraska.at /www/home/urb 13.htm
2010.12.11 13:23 B E:\Bo\Eigene Webs\Kraska\urb\06k.jpg --> www.kraska.at /www/home/urb 06k.jpg
2010.12.11 13:23 B E:\Bo\Eigene Webs\Kraska\urb\06.jpg --> www.kraska.at /www/home/urb 06.jpg
2010.12.11 13:23 B E:\Bo\Eigene Webs\Kraska\urb\05k.jpg --> www.kraska.at /www/home/urb 05k.jpg
2010.12.11 13:23 B E:\Bo\Eigene Webs\Kraska\urb\05.jpg --> www.kraska.at /www/home/urb 05.jpg
2010.12.11 13:23 B E:\Bo\Eigene Webs\Kraska\urb\04k.jpg --> www.kraska.at /www/home/urb 04k.jpg
2010.12.11 13:23 B E:\Bo\Eigene Webs\Kraska\urb\04.jpg --> www.kraska.at /www/home/urb 04.jpg
2010.12.11 13:23 B E:\Bo\Eigene Webs\Kraska\urb\03k.jpg --> www.kraska.at /www/home/urb 03k.jpg
2010.12.11 13:23 B E:\Bo\Eigene Webs\Kraska\urb\03.jpg --> www.kraska.at /www/home/urb 03.jpg
2010.12.11 13:23 B E:\Bo\Eigene Webs\Kraska\urb\13k.jpg --> www.kraska.at /www/home/urb 13k.jpg
2010.12.11 13:23 B E:\Bo\Eigene Webs\Kraska\urb\13.jpg --> www.kraska.at /www/home/urb 13.jpg
2010.12.11 13:23 B E:\Bo\Eigene Webs\Kraska\urb\01n.jpg --> www.kraska.at /www/home/urb 01n.jpg
2010.12.11 13:23 B E:\Bo\Eigene Webs\Kraska\urb\09.jpg --> www.kraska.at /www/home/urb 09.jpg
2010.12.22 16:41 B E:\Bo\Eigene Webs\Kraska\urb\pro_re.htm --> www.kraska.at /www/home/urb pro_re.htm
2010.12.22 16:41 B E:\Bo\Eigene Webs\Kraska\urb\06k.jpg --> www.kraska.at /www/home/urb 06k.jpg
2010.12.22 16:41 B E:\Bo\Eigene Webs\Kraska\urb\05k.jpg --> www.kraska.at /www/home/urb 05k.jpg
2010.12.22 16:41 B E:\Bo\Eigene Webs\Kraska\urb\05.jpg --> www.kraska.at /www/home/urb 05.jpg
2010.12.22 16:41 B E:\Bo\Eigene Webs\Kraska\urb\06.jpg --> www.kraska.at /www/home/urb 06.jpg
2010.12.22 16:41 B E:\Bo\Eigene Webs\Kraska\urb\09.jpg --> www.kraska.at /www/home/urb 09.jpg
2010.12.22 16:41 B E:\Bo\Eigene Webs\Kraska\urb\06.htm --> www.kraska.at /www/home/urb 06.htm
2010.12.22 16:41 B E:\Bo\Eigene Webs\Kraska\urb\05.htm --> www.kraska.at /www/home/urb 05.htm
2010.12.22 16:41 B E:\Bo\Eigene Webs\Kraska\urb\pro_ob.htm --> www.kraska.at /www/home/urb pro_ob.htm
2010.12.22 16:45 B E:\Bo\Eigene Webs\Kraska\urb\06.htm --> www.kraska.at /www/home/urb 06.htm
2010.12.22 16:45 B E:\Bo\Eigene Webs\Kraska\urb\05.htm --> www.kraska.at /www/home/urb 05.htm
2013.08.13 22:10 B E:\Bo\Eigene Webs\Kraska\urb\05.jpg --> www.kraska.at /www/home/urb 05.jpg
2013.08.13 22:10 B E:\Bo\Eigene Webs\Kraska\urb\05k.jpg --> www.kraska.at /www/home/urb 05k.jpg
2013.08.13 22:10 B E:\Bo\Eigene Webs\Kraska\urb\06.jpg --> www.kraska.at /www/home/urb 06.jpg
2013.08.13 22:10 B E:\Bo\Eigene Webs\Kraska\urb\06k.jpg --> www.kraska.at /www/home/urb 06k.jpg
2013.08.13 22:10 B E:\Bo\Eigene Webs\Kraska\urb\09.jpg --> www.kraska.at /www/home/urb 09.jpg
2013.08.13 22:10 B E:\Bo\Eigene Webs\Kraska\urb\WS_FTP.LOG --> www.kraska.at /www/home/urb WS_FTP.LOG
