2010.12.04 17:57 B E:\Bo\Eigene Webs\Kraska\bcs\01.htm --> www.kraska.at /www/home/bcs 01.htm
2010.12.04 17:57 B E:\Bo\Eigene Webs\Kraska\bcs\01.jpg --> www.kraska.at /www/home/bcs 01.jpg
2010.12.04 17:57 B E:\Bo\Eigene Webs\Kraska\bcs\01k.jpg --> www.kraska.at /www/home/bcs 01k.jpg
2010.12.04 17:57 B E:\Bo\Eigene Webs\Kraska\bcs\01m.jpg --> www.kraska.at /www/home/bcs 01m.jpg
2010.12.04 17:57 B E:\Bo\Eigene Webs\Kraska\bcs\01n.jpg --> www.kraska.at /www/home/bcs 01n.jpg
2010.12.04 17:57 B E:\Bo\Eigene Webs\Kraska\bcs\02.htm --> www.kraska.at /www/home/bcs 02.htm
2010.12.04 17:57 B E:\Bo\Eigene Webs\Kraska\bcs\02.jpg --> www.kraska.at /www/home/bcs 02.jpg
2010.12.04 17:57 B E:\Bo\Eigene Webs\Kraska\bcs\02k.jpg --> www.kraska.at /www/home/bcs 02k.jpg
2010.12.04 17:57 B E:\Bo\Eigene Webs\Kraska\bcs\03.htm --> www.kraska.at /www/home/bcs 03.htm
2010.12.04 17:57 B E:\Bo\Eigene Webs\Kraska\bcs\03.jpg --> www.kraska.at /www/home/bcs 03.jpg
2010.12.04 17:57 B E:\Bo\Eigene Webs\Kraska\bcs\03k.jpg --> www.kraska.at /www/home/bcs 03k.jpg
2010.12.04 17:57 B E:\Bo\Eigene Webs\Kraska\bcs\04.htm --> www.kraska.at /www/home/bcs 04.htm
2010.12.04 17:57 B E:\Bo\Eigene Webs\Kraska\bcs\04.jpg --> www.kraska.at /www/home/bcs 04.jpg
2010.12.04 17:57 B E:\Bo\Eigene Webs\Kraska\bcs\04k.jpg --> www.kraska.at /www/home/bcs 04k.jpg
2010.12.04 17:57 B E:\Bo\Eigene Webs\Kraska\bcs\05.htm --> www.kraska.at /www/home/bcs 05.htm
2010.12.04 17:57 B E:\Bo\Eigene Webs\Kraska\bcs\05.jpg --> www.kraska.at /www/home/bcs 05.jpg
2010.12.04 17:57 B E:\Bo\Eigene Webs\Kraska\bcs\05k.jpg --> www.kraska.at /www/home/bcs 05k.jpg
2010.12.04 17:57 B E:\Bo\Eigene Webs\Kraska\bcs\06.htm --> www.kraska.at /www/home/bcs 06.htm
2010.12.04 17:57 B E:\Bo\Eigene Webs\Kraska\bcs\06.jpg --> www.kraska.at /www/home/bcs 06.jpg
2010.12.04 17:57 B E:\Bo\Eigene Webs\Kraska\bcs\06k.jpg --> www.kraska.at /www/home/bcs 06k.jpg
2010.12.04 17:57 B E:\Bo\Eigene Webs\Kraska\bcs\07.htm --> www.kraska.at /www/home/bcs 07.htm
2010.12.04 17:57 B E:\Bo\Eigene Webs\Kraska\bcs\07.jpg --> www.kraska.at /www/home/bcs 07.jpg
2010.12.04 17:57 B E:\Bo\Eigene Webs\Kraska\bcs\07k.jpg --> www.kraska.at /www/home/bcs 07k.jpg
2010.12.04 17:57 B E:\Bo\Eigene Webs\Kraska\bcs\08.htm --> www.kraska.at /www/home/bcs 08.htm
2010.12.04 17:57 B E:\Bo\Eigene Webs\Kraska\bcs\08.jpg --> www.kraska.at /www/home/bcs 08.jpg
2010.12.04 17:57 B E:\Bo\Eigene Webs\Kraska\bcs\08k.jpg --> www.kraska.at /www/home/bcs 08k.jpg
2010.12.04 17:57 B E:\Bo\Eigene Webs\Kraska\bcs\09.htm --> www.kraska.at /www/home/bcs 09.htm
2010.12.04 17:57 B E:\Bo\Eigene Webs\Kraska\bcs\09.jpg --> www.kraska.at /www/home/bcs 09.jpg
2010.12.04 17:57 B E:\Bo\Eigene Webs\Kraska\bcs\09k.jpg --> www.kraska.at /www/home/bcs 09k.jpg
2010.12.04 17:57 B E:\Bo\Eigene Webs\Kraska\bcs\10.htm --> www.kraska.at /www/home/bcs 10.htm
2010.12.04 17:57 B E:\Bo\Eigene Webs\Kraska\bcs\10.jpg --> www.kraska.at /www/home/bcs 10.jpg
2010.12.04 17:57 B E:\Bo\Eigene Webs\Kraska\bcs\10k.jpg --> www.kraska.at /www/home/bcs 10k.jpg
2010.12.04 17:57 B E:\Bo\Eigene Webs\Kraska\bcs\11.htm --> www.kraska.at /www/home/bcs 11.htm
2010.12.04 17:57 B E:\Bo\Eigene Webs\Kraska\bcs\11.jpg --> www.kraska.at /www/home/bcs 11.jpg
2010.12.04 17:57 B E:\Bo\Eigene Webs\Kraska\bcs\11k.jpg --> www.kraska.at /www/home/bcs 11k.jpg
2010.12.04 17:57 B E:\Bo\Eigene Webs\Kraska\bcs\12.htm --> www.kraska.at /www/home/bcs 12.htm
2010.12.04 17:57 B E:\Bo\Eigene Webs\Kraska\bcs\12.jpg --> www.kraska.at /www/home/bcs 12.jpg
2010.12.04 17:57 B E:\Bo\Eigene Webs\Kraska\bcs\12k.jpg --> www.kraska.at /www/home/bcs 12k.jpg
2010.12.04 17:57 B E:\Bo\Eigene Webs\Kraska\bcs\13.jpg --> www.kraska.at /www/home/bcs 13.jpg
2010.12.04 17:57 B E:\Bo\Eigene Webs\Kraska\bcs\13k.jpg --> www.kraska.at /www/home/bcs 13k.jpg
2010.12.04 17:57 B E:\Bo\Eigene Webs\Kraska\bcs\BCS_6.jpg --> www.kraska.at /www/home/bcs BCS_6.jpg
2010.12.04 17:58 B E:\Bo\Eigene Webs\Kraska\bcs\index.htm --> www.kraska.at /www/home/bcs index.htm
2010.12.04 17:58 B E:\Bo\Eigene Webs\Kraska\bcs\pro_li.htm --> www.kraska.at /www/home/bcs pro_li.htm
2010.12.04 17:58 B E:\Bo\Eigene Webs\Kraska\bcs\pro_ob.htm --> www.kraska.at /www/home/bcs pro_ob.htm
2010.12.04 17:58 B E:\Bo\Eigene Webs\Kraska\bcs\pro_re.htm --> www.kraska.at /www/home/bcs pro_re.htm
2010.12.04 18:00 B E:\Bo\Eigene Webs\Kraska\bcs\WS_FTP.LOG --> www.kraska.at /www/home/bcs WS_FTP.LOG
2010.12.04 18:03 B E:\Bo\Eigene Webs\Kraska\bcs\01.htm --> www.kraska.at /www/home/bcs 01.htm
2010.12.04 18:03 B E:\Bo\Eigene Webs\Kraska\bcs\01.jpg --> www.kraska.at /www/home/bcs 01.jpg
2010.12.04 18:03 B E:\Bo\Eigene Webs\Kraska\bcs\01k.jpg --> www.kraska.at /www/home/bcs 01k.jpg
2010.12.04 18:03 B E:\Bo\Eigene Webs\Kraska\bcs\01m.jpg --> www.kraska.at /www/home/bcs 01m.jpg
2010.12.04 18:03 B E:\Bo\Eigene Webs\Kraska\bcs\01n.jpg --> www.kraska.at /www/home/bcs 01n.jpg
2010.12.04 18:03 B E:\Bo\Eigene Webs\Kraska\bcs\02.htm --> www.kraska.at /www/home/bcs 02.htm
2010.12.04 18:03 B E:\Bo\Eigene Webs\Kraska\bcs\02.jpg --> www.kraska.at /www/home/bcs 02.jpg
2010.12.04 18:03 B E:\Bo\Eigene Webs\Kraska\bcs\02k.jpg --> www.kraska.at /www/home/bcs 02k.jpg
2010.12.04 18:03 B E:\Bo\Eigene Webs\Kraska\bcs\03.htm --> www.kraska.at /www/home/bcs 03.htm
2010.12.04 18:03 B E:\Bo\Eigene Webs\Kraska\bcs\03.jpg --> www.kraska.at /www/home/bcs 03.jpg
2010.12.04 18:03 B E:\Bo\Eigene Webs\Kraska\bcs\03k.jpg --> www.kraska.at /www/home/bcs 03k.jpg
2010.12.04 18:03 B E:\Bo\Eigene Webs\Kraska\bcs\04.htm --> www.kraska.at /www/home/bcs 04.htm
2010.12.04 18:03 B E:\Bo\Eigene Webs\Kraska\bcs\04.jpg --> www.kraska.at /www/home/bcs 04.jpg
2010.12.04 18:03 B E:\Bo\Eigene Webs\Kraska\bcs\04k.jpg --> www.kraska.at /www/home/bcs 04k.jpg
2010.12.04 18:03 B E:\Bo\Eigene Webs\Kraska\bcs\05.htm --> www.kraska.at /www/home/bcs 05.htm
2010.12.04 18:03 B E:\Bo\Eigene Webs\Kraska\bcs\05.jpg --> www.kraska.at /www/home/bcs 05.jpg
2010.12.04 18:03 B E:\Bo\Eigene Webs\Kraska\bcs\05k.jpg --> www.kraska.at /www/home/bcs 05k.jpg
2010.12.04 18:03 B E:\Bo\Eigene Webs\Kraska\bcs\06.htm --> www.kraska.at /www/home/bcs 06.htm
2010.12.04 18:03 B E:\Bo\Eigene Webs\Kraska\bcs\06.jpg --> www.kraska.at /www/home/bcs 06.jpg
2010.12.04 18:03 B E:\Bo\Eigene Webs\Kraska\bcs\06k.jpg --> www.kraska.at /www/home/bcs 06k.jpg
2010.12.04 18:03 B E:\Bo\Eigene Webs\Kraska\bcs\07.htm --> www.kraska.at /www/home/bcs 07.htm
2010.12.04 18:03 B E:\Bo\Eigene Webs\Kraska\bcs\07.jpg --> www.kraska.at /www/home/bcs 07.jpg
2010.12.04 18:03 B E:\Bo\Eigene Webs\Kraska\bcs\07k.jpg --> www.kraska.at /www/home/bcs 07k.jpg
2010.12.04 18:03 B E:\Bo\Eigene Webs\Kraska\bcs\08.htm --> www.kraska.at /www/home/bcs 08.htm
2010.12.04 18:03 B E:\Bo\Eigene Webs\Kraska\bcs\08.jpg --> www.kraska.at /www/home/bcs 08.jpg
2010.12.04 18:03 B E:\Bo\Eigene Webs\Kraska\bcs\08k.jpg --> www.kraska.at /www/home/bcs 08k.jpg
2010.12.04 18:03 B E:\Bo\Eigene Webs\Kraska\bcs\09.htm --> www.kraska.at /www/home/bcs 09.htm
2010.12.04 18:03 B E:\Bo\Eigene Webs\Kraska\bcs\09.jpg --> www.kraska.at /www/home/bcs 09.jpg
2010.12.04 18:03 B E:\Bo\Eigene Webs\Kraska\bcs\09k.jpg --> www.kraska.at /www/home/bcs 09k.jpg
2010.12.04 18:03 B E:\Bo\Eigene Webs\Kraska\bcs\10.htm --> www.kraska.at /www/home/bcs 10.htm
2010.12.04 18:03 B E:\Bo\Eigene Webs\Kraska\bcs\10.jpg --> www.kraska.at /www/home/bcs 10.jpg
2010.12.04 18:03 B E:\Bo\Eigene Webs\Kraska\bcs\10k.jpg --> www.kraska.at /www/home/bcs 10k.jpg
2010.12.04 18:03 B E:\Bo\Eigene Webs\Kraska\bcs\11.htm --> www.kraska.at /www/home/bcs 11.htm
2010.12.04 18:03 B E:\Bo\Eigene Webs\Kraska\bcs\11.jpg --> www.kraska.at /www/home/bcs 11.jpg
2010.12.04 18:03 B E:\Bo\Eigene Webs\Kraska\bcs\11k.jpg --> www.kraska.at /www/home/bcs 11k.jpg
2010.12.04 18:03 B E:\Bo\Eigene Webs\Kraska\bcs\12.htm --> www.kraska.at /www/home/bcs 12.htm
2010.12.04 18:03 B E:\Bo\Eigene Webs\Kraska\bcs\12.jpg --> www.kraska.at /www/home/bcs 12.jpg
2010.12.04 18:03 B E:\Bo\Eigene Webs\Kraska\bcs\12k.jpg --> www.kraska.at /www/home/bcs 12k.jpg
2010.12.04 18:03 B E:\Bo\Eigene Webs\Kraska\bcs\13.jpg --> www.kraska.at /www/home/bcs 13.jpg
2010.12.04 18:03 B E:\Bo\Eigene Webs\Kraska\bcs\13k.jpg --> www.kraska.at /www/home/bcs 13k.jpg
2010.12.04 18:03 B E:\Bo\Eigene Webs\Kraska\bcs\BCS_6.jpg --> www.kraska.at /www/home/bcs BCS_6.jpg
2010.12.04 18:03 B E:\Bo\Eigene Webs\Kraska\bcs\index.htm --> www.kraska.at /www/home/bcs index.htm
2010.12.04 18:03 B E:\Bo\Eigene Webs\Kraska\bcs\pro_li.htm --> www.kraska.at /www/home/bcs pro_li.htm
2010.12.04 18:03 B E:\Bo\Eigene Webs\Kraska\bcs\pro_ob.htm --> www.kraska.at /www/home/bcs pro_ob.htm
2010.12.04 18:03 B E:\Bo\Eigene Webs\Kraska\bcs\pro_re.htm --> www.kraska.at /www/home/bcs pro_re.htm
2010.12.11 13:14 B E:\Bo\Eigene Webs\Kraska\bcs\pro_re.htm --> www.kraska.at /www/home/bcs pro_re.htm
2010.12.11 13:14 B E:\Bo\Eigene Webs\Kraska\bcs\WS_FTP.LOG --> www.kraska.at /www/home/bcs WS_FTP.LOG
2010.12.11 13:19 B E:\Bo\Eigene Webs\Kraska\bcs\pro_re.htm --> www.kraska.at /www/home/bcs pro_re.htm
2010.12.11 13:24 B E:\Bo\Eigene Webs\Kraska\bcs\01.htm --> www.kraska.at /www/home/bcs 01.htm
2010.12.11 13:24 B E:\Bo\Eigene Webs\Kraska\bcs\01.jpg --> www.kraska.at /www/home/bcs 01.jpg
2010.12.11 13:24 B E:\Bo\Eigene Webs\Kraska\bcs\01k.jpg --> www.kraska.at /www/home/bcs 01k.jpg
2010.12.11 13:24 B E:\Bo\Eigene Webs\Kraska\bcs\01m.jpg --> www.kraska.at /www/home/bcs 01m.jpg
2010.12.11 13:24 B E:\Bo\Eigene Webs\Kraska\bcs\01n.jpg --> www.kraska.at /www/home/bcs 01n.jpg
2010.12.11 13:24 B E:\Bo\Eigene Webs\Kraska\bcs\02.htm --> www.kraska.at /www/home/bcs 02.htm
2010.12.11 13:24 B E:\Bo\Eigene Webs\Kraska\bcs\02.jpg --> www.kraska.at /www/home/bcs 02.jpg
2010.12.11 13:24 B E:\Bo\Eigene Webs\Kraska\bcs\02k.jpg --> www.kraska.at /www/home/bcs 02k.jpg
2010.12.11 13:24 B E:\Bo\Eigene Webs\Kraska\bcs\03.htm --> www.kraska.at /www/home/bcs 03.htm
2010.12.11 13:24 B E:\Bo\Eigene Webs\Kraska\bcs\03.jpg --> www.kraska.at /www/home/bcs 03.jpg
2010.12.11 13:24 B E:\Bo\Eigene Webs\Kraska\bcs\03k.jpg --> www.kraska.at /www/home/bcs 03k.jpg
2010.12.11 13:24 B E:\Bo\Eigene Webs\Kraska\bcs\04.htm --> www.kraska.at /www/home/bcs 04.htm
2010.12.11 13:24 B E:\Bo\Eigene Webs\Kraska\bcs\04.jpg --> www.kraska.at /www/home/bcs 04.jpg
2010.12.11 13:24 B E:\Bo\Eigene Webs\Kraska\bcs\04k.jpg --> www.kraska.at /www/home/bcs 04k.jpg
2010.12.11 13:24 B E:\Bo\Eigene Webs\Kraska\bcs\05.htm --> www.kraska.at /www/home/bcs 05.htm
2010.12.11 13:24 B E:\Bo\Eigene Webs\Kraska\bcs\05.jpg --> www.kraska.at /www/home/bcs 05.jpg
2010.12.11 13:24 B E:\Bo\Eigene Webs\Kraska\bcs\05k.jpg --> www.kraska.at /www/home/bcs 05k.jpg
2010.12.11 13:24 B E:\Bo\Eigene Webs\Kraska\bcs\06.htm --> www.kraska.at /www/home/bcs 06.htm
2010.12.11 13:24 B E:\Bo\Eigene Webs\Kraska\bcs\06.jpg --> www.kraska.at /www/home/bcs 06.jpg
2010.12.11 13:24 B E:\Bo\Eigene Webs\Kraska\bcs\06k.jpg --> www.kraska.at /www/home/bcs 06k.jpg
2010.12.11 13:24 B E:\Bo\Eigene Webs\Kraska\bcs\07.htm --> www.kraska.at /www/home/bcs 07.htm
2010.12.11 13:24 B E:\Bo\Eigene Webs\Kraska\bcs\07.jpg --> www.kraska.at /www/home/bcs 07.jpg
2010.12.11 13:24 B E:\Bo\Eigene Webs\Kraska\bcs\07k.jpg --> www.kraska.at /www/home/bcs 07k.jpg
2010.12.11 13:24 B E:\Bo\Eigene Webs\Kraska\bcs\08.htm --> www.kraska.at /www/home/bcs 08.htm
2010.12.11 13:24 B E:\Bo\Eigene Webs\Kraska\bcs\08.jpg --> www.kraska.at /www/home/bcs 08.jpg
2010.12.11 13:24 B E:\Bo\Eigene Webs\Kraska\bcs\08k.jpg --> www.kraska.at /www/home/bcs 08k.jpg
2010.12.11 13:24 B E:\Bo\Eigene Webs\Kraska\bcs\09.htm --> www.kraska.at /www/home/bcs 09.htm
2010.12.11 13:24 B E:\Bo\Eigene Webs\Kraska\bcs\09.jpg --> www.kraska.at /www/home/bcs 09.jpg
2010.12.11 13:24 B E:\Bo\Eigene Webs\Kraska\bcs\09k.jpg --> www.kraska.at /www/home/bcs 09k.jpg
2010.12.11 13:24 B E:\Bo\Eigene Webs\Kraska\bcs\10.htm --> www.kraska.at /www/home/bcs 10.htm
2010.12.11 13:24 B E:\Bo\Eigene Webs\Kraska\bcs\10.jpg --> www.kraska.at /www/home/bcs 10.jpg
2010.12.11 13:24 B E:\Bo\Eigene Webs\Kraska\bcs\10k.jpg --> www.kraska.at /www/home/bcs 10k.jpg
2010.12.11 13:24 B E:\Bo\Eigene Webs\Kraska\bcs\11.htm --> www.kraska.at /www/home/bcs 11.htm
2010.12.11 13:24 B E:\Bo\Eigene Webs\Kraska\bcs\11.jpg --> www.kraska.at /www/home/bcs 11.jpg
2010.12.11 13:24 B E:\Bo\Eigene Webs\Kraska\bcs\11k.jpg --> www.kraska.at /www/home/bcs 11k.jpg
2010.12.11 13:24 B E:\Bo\Eigene Webs\Kraska\bcs\12.htm --> www.kraska.at /www/home/bcs 12.htm
2010.12.11 13:24 B E:\Bo\Eigene Webs\Kraska\bcs\12.jpg --> www.kraska.at /www/home/bcs 12.jpg
2010.12.11 13:24 B E:\Bo\Eigene Webs\Kraska\bcs\12k.jpg --> www.kraska.at /www/home/bcs 12k.jpg
2010.12.11 13:24 B E:\Bo\Eigene Webs\Kraska\bcs\13.jpg --> www.kraska.at /www/home/bcs 13.jpg
2010.12.11 13:24 B E:\Bo\Eigene Webs\Kraska\bcs\13k.jpg --> www.kraska.at /www/home/bcs 13k.jpg
2010.12.11 13:24 B E:\Bo\Eigene Webs\Kraska\bcs\BCS_6.jpg --> www.kraska.at /www/home/bcs BCS_6.jpg
2010.12.11 13:24 B E:\Bo\Eigene Webs\Kraska\bcs\index.htm --> www.kraska.at /www/home/bcs index.htm
2010.12.11 13:24 B E:\Bo\Eigene Webs\Kraska\bcs\pro_li.htm --> www.kraska.at /www/home/bcs pro_li.htm
2010.12.11 13:24 B E:\Bo\Eigene Webs\Kraska\bcs\pro_ob.htm --> www.kraska.at /www/home/bcs pro_ob.htm
2010.12.11 13:24 B E:\Bo\Eigene Webs\Kraska\bcs\pro_re.htm --> www.kraska.at /www/home/bcs pro_re.htm
2010.12.22 16:35 B E:\Bo\Eigene Webs\Kraska\bcs\13.htm --> www.kraska.at /www/home/bcs 13.htm
2010.12.22 16:35 B E:\Bo\Eigene Webs\Kraska\bcs\pro_re.htm --> www.kraska.at /www/home/bcs pro_re.htm
2010.12.22 16:35 B E:\Bo\Eigene Webs\Kraska\bcs\pro_ob.htm --> www.kraska.at /www/home/bcs pro_ob.htm
2010.12.22 16:35 B E:\Bo\Eigene Webs\Kraska\bcs\pro_li.htm --> www.kraska.at /www/home/bcs pro_li.htm
2013.08.13 22:07 B E:\Bo\Eigene Webs\Kraska\bcs\WS_FTP.LOG --> www.kraska.at /www/home/bcs WS_FTP.LOG
2013.08.13 22:10 B E:\Bo\Eigene Webs\Kraska\bcs\WS_FTP.LOG --> www.kraska.at /www/home/bcs WS_FTP.LOG
