2010.12.04 18:00 B E:\Bo\Eigene Webs\Kraska\gru\01.htm --> www.kraska.at /www/home/gru 01.htm
2010.12.04 18:00 B E:\Bo\Eigene Webs\Kraska\gru\01.jpg --> www.kraska.at /www/home/gru 01.jpg
2010.12.04 18:00 B E:\Bo\Eigene Webs\Kraska\gru\01k.jpg --> www.kraska.at /www/home/gru 01k.jpg
2010.12.04 18:00 B E:\Bo\Eigene Webs\Kraska\gru\01m.jpg --> www.kraska.at /www/home/gru 01m.jpg
2010.12.04 18:00 B E:\Bo\Eigene Webs\Kraska\gru\01n.jpg --> www.kraska.at /www/home/gru 01n.jpg
2010.12.04 18:00 B E:\Bo\Eigene Webs\Kraska\gru\02.htm --> www.kraska.at /www/home/gru 02.htm
2010.12.04 18:00 B E:\Bo\Eigene Webs\Kraska\gru\02.jpg --> www.kraska.at /www/home/gru 02.jpg
2010.12.04 18:00 B E:\Bo\Eigene Webs\Kraska\gru\02k.jpg --> www.kraska.at /www/home/gru 02k.jpg
2010.12.04 18:00 B E:\Bo\Eigene Webs\Kraska\gru\03.htm --> www.kraska.at /www/home/gru 03.htm
2010.12.04 18:00 B E:\Bo\Eigene Webs\Kraska\gru\03.jpg --> www.kraska.at /www/home/gru 03.jpg
2010.12.04 18:00 B E:\Bo\Eigene Webs\Kraska\gru\03k.jpg --> www.kraska.at /www/home/gru 03k.jpg
2010.12.04 18:00 B E:\Bo\Eigene Webs\Kraska\gru\04.htm --> www.kraska.at /www/home/gru 04.htm
2010.12.04 18:00 B E:\Bo\Eigene Webs\Kraska\gru\04.jpg --> www.kraska.at /www/home/gru 04.jpg
2010.12.04 18:00 B E:\Bo\Eigene Webs\Kraska\gru\04k.jpg --> www.kraska.at /www/home/gru 04k.jpg
2010.12.04 18:00 B E:\Bo\Eigene Webs\Kraska\gru\05.htm --> www.kraska.at /www/home/gru 05.htm
2010.12.04 18:00 B E:\Bo\Eigene Webs\Kraska\gru\05.jpg --> www.kraska.at /www/home/gru 05.jpg
2010.12.04 18:00 B E:\Bo\Eigene Webs\Kraska\gru\05k.jpg --> www.kraska.at /www/home/gru 05k.jpg
2010.12.04 18:00 B E:\Bo\Eigene Webs\Kraska\gru\06.htm --> www.kraska.at /www/home/gru 06.htm
2010.12.04 18:00 B E:\Bo\Eigene Webs\Kraska\gru\06.jpg --> www.kraska.at /www/home/gru 06.jpg
2010.12.04 18:00 B E:\Bo\Eigene Webs\Kraska\gru\06k.jpg --> www.kraska.at /www/home/gru 06k.jpg
2010.12.04 18:00 B E:\Bo\Eigene Webs\Kraska\gru\07.htm --> www.kraska.at /www/home/gru 07.htm
2010.12.04 18:00 B E:\Bo\Eigene Webs\Kraska\gru\08.htm --> www.kraska.at /www/home/gru 08.htm
2010.12.04 18:00 B E:\Bo\Eigene Webs\Kraska\gru\09.htm --> www.kraska.at /www/home/gru 09.htm
2010.12.04 18:00 B E:\Bo\Eigene Webs\Kraska\gru\10.htm --> www.kraska.at /www/home/gru 10.htm
2010.12.04 18:00 B E:\Bo\Eigene Webs\Kraska\gru\11.htm --> www.kraska.at /www/home/gru 11.htm
2010.12.04 18:00 B E:\Bo\Eigene Webs\Kraska\gru\12.htm --> www.kraska.at /www/home/gru 12.htm
2010.12.04 18:00 B E:\Bo\Eigene Webs\Kraska\gru\13.htm --> www.kraska.at /www/home/gru 13.htm
2010.12.04 18:00 B E:\Bo\Eigene Webs\Kraska\gru\14.htm --> www.kraska.at /www/home/gru 14.htm
2010.12.04 18:00 B E:\Bo\Eigene Webs\Kraska\gru\15.htm --> www.kraska.at /www/home/gru 15.htm
2010.12.04 18:00 B E:\Bo\Eigene Webs\Kraska\gru\16.htm --> www.kraska.at /www/home/gru 16.htm
2010.12.04 18:00 B E:\Bo\Eigene Webs\Kraska\gru\17.htm --> www.kraska.at /www/home/gru 17.htm
2010.12.04 18:00 B E:\Bo\Eigene Webs\Kraska\gru\index.htm --> www.kraska.at /www/home/gru index.htm
2010.12.04 18:00 B E:\Bo\Eigene Webs\Kraska\gru\pro_li.htm --> www.kraska.at /www/home/gru pro_li.htm
2010.12.04 18:00 B E:\Bo\Eigene Webs\Kraska\gru\pro_ob.htm --> www.kraska.at /www/home/gru pro_ob.htm
2010.12.04 18:00 B E:\Bo\Eigene Webs\Kraska\gru\pro_re.htm --> www.kraska.at /www/home/gru pro_re.htm
2010.12.04 18:06 B E:\Bo\Eigene Webs\Kraska\gru\01.htm --> www.kraska.at /www/home/gru 01.htm
2010.12.04 18:06 B E:\Bo\Eigene Webs\Kraska\gru\01.jpg --> www.kraska.at /www/home/gru 01.jpg
2010.12.04 18:06 B E:\Bo\Eigene Webs\Kraska\gru\01k.jpg --> www.kraska.at /www/home/gru 01k.jpg
2010.12.04 18:06 B E:\Bo\Eigene Webs\Kraska\gru\01m.jpg --> www.kraska.at /www/home/gru 01m.jpg
2010.12.04 18:06 B E:\Bo\Eigene Webs\Kraska\gru\01n.jpg --> www.kraska.at /www/home/gru 01n.jpg
2010.12.04 18:06 B E:\Bo\Eigene Webs\Kraska\gru\02.htm --> www.kraska.at /www/home/gru 02.htm
2010.12.22 16:38 B E:\Bo\Eigene Webs\Kraska\gru\pro_ob.htm --> www.kraska.at /www/home/gru pro_ob.htm
2013.08.13 22:08 B E:\Bo\Eigene Webs\Kraska\gru\01.jpg --> www.kraska.at /www/home/gru 01.jpg
2013.08.13 22:08 B E:\Bo\Eigene Webs\Kraska\gru\01k.jpg --> www.kraska.at /www/home/gru 01k.jpg
2013.08.13 22:08 B E:\Bo\Eigene Webs\Kraska\gru\01m.jpg --> www.kraska.at /www/home/gru 01m.jpg
2013.08.13 22:08 B E:\Bo\Eigene Webs\Kraska\gru\01n.jpg --> www.kraska.at /www/home/gru 01n.jpg
2013.08.13 22:08 B E:\Bo\Eigene Webs\Kraska\gru\02.jpg --> www.kraska.at /www/home/gru 02.jpg
2013.08.13 22:08 B E:\Bo\Eigene Webs\Kraska\gru\02k.jpg --> www.kraska.at /www/home/gru 02k.jpg
2013.08.13 22:08 B E:\Bo\Eigene Webs\Kraska\gru\03.jpg --> www.kraska.at /www/home/gru 03.jpg
2013.08.13 22:08 B E:\Bo\Eigene Webs\Kraska\gru\03k.jpg --> www.kraska.at /www/home/gru 03k.jpg
2013.08.13 22:08 B E:\Bo\Eigene Webs\Kraska\gru\04.jpg --> www.kraska.at /www/home/gru 04.jpg
2013.08.13 22:08 B E:\Bo\Eigene Webs\Kraska\gru\04k.jpg --> www.kraska.at /www/home/gru 04k.jpg
2013.08.13 22:08 B E:\Bo\Eigene Webs\Kraska\gru\05.jpg --> www.kraska.at /www/home/gru 05.jpg
2013.08.13 22:08 B E:\Bo\Eigene Webs\Kraska\gru\05k.jpg --> www.kraska.at /www/home/gru 05k.jpg
2013.08.13 22:08 B E:\Bo\Eigene Webs\Kraska\gru\06.jpg --> www.kraska.at /www/home/gru 06.jpg
2013.08.13 22:08 B E:\Bo\Eigene Webs\Kraska\gru\06k.jpg --> www.kraska.at /www/home/gru 06k.jpg
2013.08.13 22:08 B E:\Bo\Eigene Webs\Kraska\gru\WS_FTP.LOG --> www.kraska.at /www/home/gru WS_FTP.LOG
2013.08.13 22:10 B E:\Bo\Eigene Webs\Kraska\gru\WS_FTP.LOG --> www.kraska.at /www/home/gru WS_FTP.LOG
