2010.12.04 17:58 B E:\Bo\Eigene Webs\Kraska\eua\01.htm --> www.kraska.at /www/home/eua 01.htm
2010.12.04 17:58 B E:\Bo\Eigene Webs\Kraska\eua\01.jpg --> www.kraska.at /www/home/eua 01.jpg
2010.12.04 17:58 B E:\Bo\Eigene Webs\Kraska\eua\01k.jpg --> www.kraska.at /www/home/eua 01k.jpg
2010.12.04 17:59 B E:\Bo\Eigene Webs\Kraska\eua\01m.jpg --> www.kraska.at /www/home/eua 01m.jpg
2010.12.04 18:00 B E:\Bo\Eigene Webs\Kraska\eua\01n.jpg --> www.kraska.at /www/home/eua 01n.jpg
2010.12.04 18:00 B E:\Bo\Eigene Webs\Kraska\eua\02.htm --> www.kraska.at /www/home/eua 02.htm
2010.12.04 18:00 B E:\Bo\Eigene Webs\Kraska\eua\02.jpg --> www.kraska.at /www/home/eua 02.jpg
2010.12.04 18:00 B E:\Bo\Eigene Webs\Kraska\eua\02k.jpg --> www.kraska.at /www/home/eua 02k.jpg
2010.12.04 18:00 B E:\Bo\Eigene Webs\Kraska\eua\03.htm --> www.kraska.at /www/home/eua 03.htm
2010.12.04 18:00 B E:\Bo\Eigene Webs\Kraska\eua\03.jpg --> www.kraska.at /www/home/eua 03.jpg
2010.12.04 18:00 B E:\Bo\Eigene Webs\Kraska\eua\03k.jpg --> www.kraska.at /www/home/eua 03k.jpg
2010.12.04 18:00 B E:\Bo\Eigene Webs\Kraska\eua\04.htm --> www.kraska.at /www/home/eua 04.htm
2010.12.04 18:00 B E:\Bo\Eigene Webs\Kraska\eua\04.jpg --> www.kraska.at /www/home/eua 04.jpg
2010.12.04 18:00 B E:\Bo\Eigene Webs\Kraska\eua\04k.jpg --> www.kraska.at /www/home/eua 04k.jpg
2010.12.04 18:00 B E:\Bo\Eigene Webs\Kraska\eua\05.htm --> www.kraska.at /www/home/eua 05.htm
2010.12.04 18:00 B E:\Bo\Eigene Webs\Kraska\eua\05.jpg --> www.kraska.at /www/home/eua 05.jpg
2010.12.04 18:00 B E:\Bo\Eigene Webs\Kraska\eua\05k.jpg --> www.kraska.at /www/home/eua 05k.jpg
2010.12.04 18:00 B E:\Bo\Eigene Webs\Kraska\eua\06.htm --> www.kraska.at /www/home/eua 06.htm
2010.12.04 18:00 B E:\Bo\Eigene Webs\Kraska\eua\07.htm --> www.kraska.at /www/home/eua 07.htm
2010.12.04 18:00 B E:\Bo\Eigene Webs\Kraska\eua\08.htm --> www.kraska.at /www/home/eua 08.htm
2010.12.04 18:00 B E:\Bo\Eigene Webs\Kraska\eua\09.htm --> www.kraska.at /www/home/eua 09.htm
2010.12.04 18:00 B E:\Bo\Eigene Webs\Kraska\eua\10.htm --> www.kraska.at /www/home/eua 10.htm
2010.12.04 18:00 B E:\Bo\Eigene Webs\Kraska\eua\11.htm --> www.kraska.at /www/home/eua 11.htm
2010.12.04 18:00 B E:\Bo\Eigene Webs\Kraska\eua\12.htm --> www.kraska.at /www/home/eua 12.htm
2010.12.04 18:00 B E:\Bo\Eigene Webs\Kraska\eua\index.htm --> www.kraska.at /www/home/eua index.htm
2010.12.04 18:00 B E:\Bo\Eigene Webs\Kraska\eua\pro_li.htm --> www.kraska.at /www/home/eua pro_li.htm
2010.12.04 18:00 B E:\Bo\Eigene Webs\Kraska\eua\pro_ob.htm --> www.kraska.at /www/home/eua pro_ob.htm
2010.12.04 18:00 B E:\Bo\Eigene Webs\Kraska\eua\pro_re.htm --> www.kraska.at /www/home/eua pro_re.htm
2010.12.04 18:00 B E:\Bo\Eigene Webs\Kraska\eua\Thumbs.db --> www.kraska.at /www/home/eua Thumbs.db
2010.12.04 18:00 B E:\Bo\Eigene Webs\Kraska\eua\WS_FTP.LOG --> www.kraska.at /www/home/eua WS_FTP.LOG
2010.12.04 18:05 B E:\Bo\Eigene Webs\Kraska\eua\01.htm --> www.kraska.at /www/home/eua 01.htm
2010.12.04 18:05 B E:\Bo\Eigene Webs\Kraska\eua\01.jpg --> www.kraska.at /www/home/eua 01.jpg
2010.12.04 18:05 B E:\Bo\Eigene Webs\Kraska\eua\01k.jpg --> www.kraska.at /www/home/eua 01k.jpg
2010.12.04 18:05 B E:\Bo\Eigene Webs\Kraska\eua\01m.jpg --> www.kraska.at /www/home/eua 01m.jpg
2010.12.04 18:05 B E:\Bo\Eigene Webs\Kraska\eua\01n.jpg --> www.kraska.at /www/home/eua 01n.jpg
2010.12.04 18:05 B E:\Bo\Eigene Webs\Kraska\eua\02.htm --> www.kraska.at /www/home/eua 02.htm
2010.12.04 18:05 B E:\Bo\Eigene Webs\Kraska\eua\02.jpg --> www.kraska.at /www/home/eua 02.jpg
2010.12.04 18:05 B E:\Bo\Eigene Webs\Kraska\eua\02k.jpg --> www.kraska.at /www/home/eua 02k.jpg
2010.12.04 18:05 B E:\Bo\Eigene Webs\Kraska\eua\03.htm --> www.kraska.at /www/home/eua 03.htm
2010.12.04 18:05 B E:\Bo\Eigene Webs\Kraska\eua\03.jpg --> www.kraska.at /www/home/eua 03.jpg
2010.12.04 18:05 B E:\Bo\Eigene Webs\Kraska\eua\03k.jpg --> www.kraska.at /www/home/eua 03k.jpg
2010.12.04 18:05 B E:\Bo\Eigene Webs\Kraska\eua\04.htm --> www.kraska.at /www/home/eua 04.htm
2010.12.04 18:05 B E:\Bo\Eigene Webs\Kraska\eua\04.jpg --> www.kraska.at /www/home/eua 04.jpg
2010.12.04 18:05 B E:\Bo\Eigene Webs\Kraska\eua\04k.jpg --> www.kraska.at /www/home/eua 04k.jpg
2010.12.04 18:06 B E:\Bo\Eigene Webs\Kraska\eua\05.htm --> www.kraska.at /www/home/eua 05.htm
2010.12.04 18:06 B E:\Bo\Eigene Webs\Kraska\eua\05.jpg --> www.kraska.at /www/home/eua 05.jpg
2010.12.04 18:06 B E:\Bo\Eigene Webs\Kraska\eua\05k.jpg --> www.kraska.at /www/home/eua 05k.jpg
2010.12.04 18:06 B E:\Bo\Eigene Webs\Kraska\eua\06.htm --> www.kraska.at /www/home/eua 06.htm
2010.12.04 18:06 B E:\Bo\Eigene Webs\Kraska\eua\07.htm --> www.kraska.at /www/home/eua 07.htm
2010.12.04 18:06 B E:\Bo\Eigene Webs\Kraska\eua\08.htm --> www.kraska.at /www/home/eua 08.htm
2010.12.04 18:06 B E:\Bo\Eigene Webs\Kraska\eua\09.htm --> www.kraska.at /www/home/eua 09.htm
2010.12.04 18:06 B E:\Bo\Eigene Webs\Kraska\eua\10.htm --> www.kraska.at /www/home/eua 10.htm
2010.12.04 18:06 B E:\Bo\Eigene Webs\Kraska\eua\11.htm --> www.kraska.at /www/home/eua 11.htm
2010.12.04 18:06 B E:\Bo\Eigene Webs\Kraska\eua\12.htm --> www.kraska.at /www/home/eua 12.htm
2010.12.04 18:06 B E:\Bo\Eigene Webs\Kraska\eua\index.htm --> www.kraska.at /www/home/eua index.htm
2010.12.04 18:06 B E:\Bo\Eigene Webs\Kraska\eua\pro_li.htm --> www.kraska.at /www/home/eua pro_li.htm
2010.12.04 18:06 B E:\Bo\Eigene Webs\Kraska\eua\pro_ob.htm --> www.kraska.at /www/home/eua pro_ob.htm
2010.12.04 18:06 B E:\Bo\Eigene Webs\Kraska\eua\pro_re.htm --> www.kraska.at /www/home/eua pro_re.htm
2010.12.11 13:14 B E:\Bo\Eigene Webs\Kraska\eua\WS_FTP.LOG --> www.kraska.at /www/home/eua WS_FTP.LOG
2010.12.22 16:38 B E:\Bo\Eigene Webs\Kraska\eua\pro_ob.htm --> www.kraska.at /www/home/eua pro_ob.htm
2013.08.13 22:08 B E:\Bo\Eigene Webs\Kraska\eua\01n.jpg --> www.kraska.at /www/home/eua 01n.jpg
2013.08.13 22:08 B E:\Bo\Eigene Webs\Kraska\eua\02.jpg --> www.kraska.at /www/home/eua 02.jpg
2013.08.13 22:08 B E:\Bo\Eigene Webs\Kraska\eua\02k.jpg --> www.kraska.at /www/home/eua 02k.jpg
2013.08.13 22:08 B E:\Bo\Eigene Webs\Kraska\eua\04.jpg --> www.kraska.at /www/home/eua 04.jpg
2013.08.13 22:08 B E:\Bo\Eigene Webs\Kraska\eua\04k.jpg --> www.kraska.at /www/home/eua 04k.jpg
2013.08.13 22:08 B E:\Bo\Eigene Webs\Kraska\eua\05.jpg --> www.kraska.at /www/home/eua 05.jpg
2013.08.13 22:08 B E:\Bo\Eigene Webs\Kraska\eua\05k.jpg --> www.kraska.at /www/home/eua 05k.jpg
2013.08.13 22:08 B E:\Bo\Eigene Webs\Kraska\eua\WS_FTP.LOG --> www.kraska.at /www/home/eua WS_FTP.LOG
2013.08.13 22:10 B E:\Bo\Eigene Webs\Kraska\eua\WS_FTP.LOG --> www.kraska.at /www/home/eua WS_FTP.LOG
