2013.08.13 22:08 B E:\Bo\Eigene Webs\Kraska\leer\01.htm --> www.kraska.at /www/home/leer 01.htm
2013.08.13 22:08 B E:\Bo\Eigene Webs\Kraska\leer\02.htm --> www.kraska.at /www/home/leer 02.htm
2013.08.13 22:08 B E:\Bo\Eigene Webs\Kraska\leer\03.htm --> www.kraska.at /www/home/leer 03.htm
2013.08.13 22:08 B E:\Bo\Eigene Webs\Kraska\leer\04.htm --> www.kraska.at /www/home/leer 04.htm
2013.08.13 22:08 B E:\Bo\Eigene Webs\Kraska\leer\05.htm --> www.kraska.at /www/home/leer 05.htm
2013.08.13 22:08 B E:\Bo\Eigene Webs\Kraska\leer\06.htm --> www.kraska.at /www/home/leer 06.htm
2013.08.13 22:08 B E:\Bo\Eigene Webs\Kraska\leer\07.htm --> www.kraska.at /www/home/leer 07.htm
2013.08.13 22:08 B E:\Bo\Eigene Webs\Kraska\leer\08.htm --> www.kraska.at /www/home/leer 08.htm
2013.08.13 22:08 B E:\Bo\Eigene Webs\Kraska\leer\09.htm --> www.kraska.at /www/home/leer 09.htm
2013.08.13 22:08 B E:\Bo\Eigene Webs\Kraska\leer\10.htm --> www.kraska.at /www/home/leer 10.htm
2013.08.13 22:08 B E:\Bo\Eigene Webs\Kraska\leer\11.htm --> www.kraska.at /www/home/leer 11.htm
2013.08.13 22:08 B E:\Bo\Eigene Webs\Kraska\leer\12.htm --> www.kraska.at /www/home/leer 12.htm
2013.08.13 22:08 B E:\Bo\Eigene Webs\Kraska\leer\13.htm --> www.kraska.at /www/home/leer 13.htm
2013.08.13 22:08 B E:\Bo\Eigene Webs\Kraska\leer\14.htm --> www.kraska.at /www/home/leer 14.htm
2013.08.13 22:08 B E:\Bo\Eigene Webs\Kraska\leer\15.htm --> www.kraska.at /www/home/leer 15.htm
2013.08.13 22:08 B E:\Bo\Eigene Webs\Kraska\leer\16.htm --> www.kraska.at /www/home/leer 16.htm
2013.08.13 22:08 B E:\Bo\Eigene Webs\Kraska\leer\17.htm --> www.kraska.at /www/home/leer 17.htm
2013.08.13 22:08 B E:\Bo\Eigene Webs\Kraska\leer\index.htm --> www.kraska.at /www/home/leer index.htm
2013.08.13 22:08 B E:\Bo\Eigene Webs\Kraska\leer\pro_li.htm --> www.kraska.at /www/home/leer pro_li.htm
2013.08.13 22:08 B E:\Bo\Eigene Webs\Kraska\leer\pro_ob.htm --> www.kraska.at /www/home/leer pro_ob.htm
2013.08.13 22:08 B E:\Bo\Eigene Webs\Kraska\leer\pro_re.htm --> www.kraska.at /www/home/leer pro_re.htm
2013.08.13 22:10 B E:\Bo\Eigene Webs\Kraska\leer\WS_FTP.LOG --> www.kraska.at /www/home/leer WS_FTP.LOG
